THREAD_TITLE<>ギルドラブひな食堂（通常会議室）
POST<>3
AGE_TIME<>1045055448
&&
NO<>0
TITLE<>ギルドに関する話はこちら
USER_NAME<>さりなが
USER_EMAIL<>
USER_WEBPAGE<>
USER_ID<>ra6Lk
TRIP<>3KiDbbVn1e
POST_TIME<>1045052640
CORRECT_TIME<>1045055051
&
新会議室でもよろしく。
でも、一番の過疎スレになる予感。
&&
NO<>1
TITLE<>１GET
USER_NAME<>Ankh
USER_EMAIL<>
USER_WEBPAGE<>
USER_ID<>ToHhy
POST_TIME<>1045055119
&
ここはLH?それとも蔵？（´Д｀）
&&
NO<>2
RES<>1
TITLE<>Re:１GET
USER_NAME<>さりなが怪鳥
USER_EMAIL<>
USER_WEBPAGE<>
USER_ID<>ra6Lk
TRIP<>3KiDbbVn1e
POST_TIME<>1045055448
&
&gt;&nbsp;ここはLH?それとも蔵？（´Д｀）
　掲示板全体は蔵でもあり、LHでもある。
　でも、このスレはギルドラブひな専用ですYO!

　蔵の人とは雑談スレあたりで話しませう。
&&
