THREAD_TITLE<>メンテナンス情報
POST<>17
AGE_TIME<>1098282982
&&
NO<>0
TITLE<>メンテナンス情報
USER_NAME<>さりなが
USER_EMAIL<>bbs@sarinaga.com
USER_WEBPAGE<>www.sarinaga.com
USER_ID<>wYcBz
TRIP<>wzlZJDZT2q
TOMATO<>
POST_TIME<>1069686957
CORRECT_TIME<>1089548626
&
ここでは、人生自爆症候群全般のメンテナンス状況について記述していきます。
&&
NO<>1
RES<>0
TITLE<>Re:メンテナンス情報
USER_NAME<>さりなが
USER_EMAIL<>bbs@sarinaga.com
USER_WEBPAGE<>www.sarinaga.com
USER_ID<>8QPsu
TRIP<>wzlZJDZT2q
TOMATO<>
POST_TIME<>1069853579
&
掲示板アップデート(2003/11/24) ver.0.60

・発言削除・復活命令が利用できるようになった（一般の人には関係なし）
・トリップ、IDの生成方法がDigest::SHA1を利用する方法に変更（生成されるトリップが変更になりますのでご了承ください）
・メールアドレス、webページが表示できない状況であったのを修正
・cookie保存方法はCGIスクリプトでなくJavascriptが行うこととなった
&&
NO<>2
RES<>0
TITLE<>Re:メンテナンス情報
USER_NAME<>さりなが
USER_EMAIL<>bbs@sarinaga.com
USER_WEBPAGE<>www.sarinaga.com
USER_ID<>bN38I
TRIP<>wzlZJDZT2q
TOMATO<>
POST_TIME<>1070114503
&
掲示板アップデート(2003/11/29) ver.0.61 [未公開]

・漢字コード変換にmodule encodeを利用
・IPアドレス強制表示機能追加
&&
NO<>3
RES<>0
TOMATO<>
POST_TIME<>1071326630
DELETE_TIME<>1071975642
&&
NO<>4
RES<>3
TOMATO<>
POST_TIME<>1071327713
DELETE_TIME<>1071975660
&&
NO<>5
TITLE<>掲示板アップデート(2003/12/26) ver.0.66
USER_NAME<>さりなが
USER_EMAIL<>bbs@sarinaga.com
USER_WEBPAGE<>www.sarinaga.com
USER_ID<>BsWG2
TRIP<>wzlZJDZT2q
TOMATO<>1
IP_HOST<>x148066.ppp.dion.ne.jp
IP_HOST<>zd122120.ppp.dion.ne.jp
IP_ADDR<>210.234.148.66
IP_ADDR<>220.214.122.120
USER_AGENT<>Mozilla/5.0 (Windows; U; Windows NT 5.1; ja-JP; rv:1.5) Gecko/20031007 Firebird/0.7
USER_AGENT<>Mozilla/5.0 (Windows; U; Windows NT 5.1; ja-JP; rv:1.5) Gecko/20031007 Firebird/0.7
POST_TIME<>1071976005
CORRECT_TIME<>1072445225
&
掲示板アップデート(2003/12/26) ver.0.66

・XHTML文法違反を修正
・Javascript〜cookieを改良
・ID生成は常に行われるのでなく、bbs.confで生成の設定がされている時だけ行われるようにした
・bbs.confのIPアドレス強制表示モードを廃止[tomato機能で代用]
&&
NO<>6
RES<>5
TITLE<>掲示板アップデート(2003/12/21) ver.0.65
USER_NAME<>さりなが
USER_EMAIL<>bbs@sarinaga.com
USER_WEBPAGE<>www.sarinaga.com
USER_ID<>tEBvS
TRIP<>wzlZJDZT2q
TOMATO<>1
IP_HOST<>zd122120.ppp.dion.ne.jp
IP_ADDR<>220.214.122.120
USER_AGENT<>Mozilla/5.0 (Windows; U; Windows NT 5.1; ja-JP; rv:1.5) Gecko/20031007 Firebird/0.7
POST_TIME<>1072445311
&
掲示板アップデート(2003/12/21) ver.0.65

・管理者モードの強化 TOMATO UNTOMATO REFRESH AGE COMPRESS
・IPアドレスのうち、ホスト名が正しく取得できていなかったのを修正
・IPアドレス強制表示選択肢を追加
・メードアドレス、webページURIをシュレッダーして出力する機能の追加
・一部の欠陥プログラム（バグがあったわけではない）の修正
&&
NO<>7
RES<>0
TITLE<>Re:メンテナンス情報
USER_NAME<>さりなが
USER_EMAIL<>
USER_WEBPAGE<>
USER_ID<>gmmUG
TRIP<>wzlZJDZT2q
TOMATO<>0
POST_TIME<>1079196771
&
掲示板spamに付き一部メンテナンスを行いました。
内容は内緒。
&&
NO<>8
RES<>6
TITLE<>掲示板アップデート(2004/06/24) ver.0.67
USER_NAME<>さりなが
USER_EMAIL<>bbs@sarinaga.com
USER_WEBPAGE<>www.sarinaga.com
USER_ID<>acRZj
TRIP<>wzlZJDZT2q
TOMATO<>0
POST_TIME<>1088092000
&
掲示板アップデート(2004/06/24) ver.0.67
・掲示板ツリー表示の強化
・文字コード判別失敗時にクラッシュしていたのを修正

今後の予定
・管理者モード強化
・マニュアル書き
・taintの確認強化
・プルダウンメニューで発言読み込みなどの制御
&&
NO<>9
RES<>8
TITLE<>掲示板アップデート(2004/07/03) ver.0.68
USER_NAME<>さりなが
USER_EMAIL<>bbs@sarinaga.com
USER_WEBPAGE<>www.sarinaga.com
USER_ID<>TmXGj
TRIP<>wzlZJDZT2q
TOMATO<>0
POST_TIME<>1088864515
&
掲示板アップデート(2004/06/24) ver.0.67
・発言・題名表示の時に、表示させる発言・その方法を指定できる入力フォーム作成
・その作業中に発覚したバグの修正^^;
・書き込み後、上記入力フォームの表示
・javascriptによる入力チェック

だんだん掲示板も完成系に近づいてきたのでそろそろソースコード公開するかも

今後の課題
・ファイルロック機能を見直すかもしれない
・スレッド一覧表示にも読み込みようフォームを表示するかもしれない
&&
NO<>10
RES<>0
TITLE<>Re:メンテナンス情報
USER_NAME<>さりなが
USER_EMAIL<>bbs@sarinaga.com
USER_WEBPAGE<>www.sarinaga.com
USER_ID<>cbIht
TRIP<>wzlZJDZT2q
TOMATO<>0
POST_TIME<>1089548654
&
.htaccessの記述を書き換えました
&&
NO<>11
RES<>0
TITLE<>Re:メンテナンス情報
USER_NAME<>さりなが
USER_EMAIL<>bbs@sarinaga.com
USER_WEBPAGE<>www.sarinaga.com
USER_ID<>q03w2
TRIP<>wzlZJDZT2q
TOMATO<>0
POST_TIME<>1089811862
&
設定変更により臨時書き込みします
&&
NO<>12
RES<>11
TITLE<>Re:メンテナンス情報
USER_NAME<>さりなが
USER_EMAIL<>bbs@sarinaga.com
USER_WEBPAGE<>www.sarinaga.com
USER_ID<>q03w2
TRIP<>wzlZJDZT2q
TOMATO<>0
POST_TIME<>1089812171
&
&gt; 設定変更により臨時書き込みします
やりなおし
&&
NO<>13
RES<>12
TITLE<>Re:メンテナンス情報
USER_NAME<>さりなが
USER_EMAIL<>bbs@sarinaga.com
USER_WEBPAGE<>www.sarinaga.com
USER_ID<>q03w2
TRIP<>wzlZJDZT2q
TOMATO<>0
POST_TIME<>1089813736
&
&gt; &gt; 設定変更により臨時書き込みします
&gt; やりなおし
&&
NO<>14
RES<>13
TITLE<>Re:メンテナンス情報
USER_NAME<>さりなが
USER_EMAIL<>bbs@sarinaga.com
USER_WEBPAGE<>www.sarinaga.com
TRIP<>wzlZJDZT2q
TOMATO<>0
POST_TIME<>1089816079
&
&gt; &gt; &gt; 設定変更により臨時書き込みします
&gt; &gt; やりなおし
&&
NO<>15
RES<>9
TITLE<>Re:掲示板アップデート(2004/07/18) ver.0.69
USER_NAME<>さりなが
USER_EMAIL<>bbs@sarinaga.com
USER_WEBPAGE<>www.sarinaga.com
TRIP<>wzlZJDZT2q
TOMATO<>0
POST_TIME<>1090137904
&
掲示板アップデート(2004/07/18) ver.0.69
・URI正規化ルーチン作成
&&
NO<>16
RES<>15
TITLE<>掲示板アップデート(2004/10/20) ver.0.70
USER_NAME<>さりなが
USER_EMAIL<>bbs@sarinaga.com
USER_WEBPAGE<>www.sarinaga.com
USER_ID<>TVuKo
TRIP<>wzlZJDZT2q
TOMATO<>0
POST_TIME<>1098282982
CORRECT_TIME<>1098283021
&

掲示板アップデート(2004/10/20) ver.0.70

2004/10/20   ver. 0.70β  管理機能の修正と追加
                         (read, treeread, threadlist,password, html)
                          unix_md5_cryptの全面採用
                          インストールマニュアル執筆
                          汚染チェックの改善
                          出力される Content-Type の調整
                          admin.htmlの自動生成機能の追加
                          .htaccess の設定強化
&&
