THREAD_TITLE<>蔵太平山総合スレ
POST<>17
AGE_TIME<>1100123054
&&
NO<>0
TITLE<>蔵太平山情報とかはこちらにどうぞ
USER_NAME<>さりなが怪鳥
USER_EMAIL<>bbs@sarinaga.com
USER_WEBPAGE<>www.sarinaga.com
USER_ID<>XJ591
TRIP<>wzlZJDZT2q
TOMATO<>
POST_TIME<>1070289661
&
掲示板の需要のバランスから新規入会者用スレはdat逝きにしました。

新スレで心機一転やりましょう。
新規入会希望者、蔵の情報はこちらにお願いします。
&&
NO<>1
TITLE<>月天復活？
USER_NAME<>さりなが怪鳥
USER_EMAIL<>bbs@sarinaga.com
USER_WEBPAGE<>www.sarinaga.com
USER_ID<>XJ591
TRIP<>wzlZJDZT2q
TOMATO<>
POST_TIME<>1070289769
&
え〜と、飲食夜神月天が*東京*で復活するという妖しげな話が……。
http://koukisin.pobox.ne.jp/siena/miko/gatsuten.htm

本当なのか？ 
&&
NO<>2
TITLE<>トップページ情報補完
USER_NAME<>さりなが怪鳥
USER_EMAIL<>bbs@sarinaga.com
USER_WEBPAGE<>www.sarinaga.com
USER_ID<>XJ591
TRIP<>wzlZJDZT2q
TOMATO<>
POST_TIME<>1070289816
CORRECT_TIME<>1070289855
&
宮坂舞子居酒屋撮影会の情報補完をここに書いておきます。

予約、問い合わせ：オフィスクレイン
tel:+81-3-3505-1474
mailto:someday@tree.odn.ne.jp

なお、間違ってもここ(http://www.office-crane.com/)ではありませんので念のため。外資系で働くことになってしまいます。

怖いもの知らずの私は予約してしまいました。馬鹿ですねー。ばかばか星人です。 

ちなみに、予約はオフィスクレインの方に名前を伝えるだけです。蔵の方に予約しても駄目なはずです。当日いきなり行って入れるかどうかはわからないです。ただ、予約は１人から出来るので、あまり問題にならないのかもしれません。 
&&
NO<>3
TITLE<>新規入会希望
USER_NAME<>望月高雄
USER_EMAIL<>
USER_WEBPAGE<>www.nekomimi.ne.jp/totoko/
USER_ID<>n9dF3
TOMATO<>0
POST_TIME<>1076768987
&
本日はおつかれさまでした。そういえば、まだ言ってなかったので… 蔵太平山愛好会に新規入会希望いたします。
&&
NO<>4
RES<>3
TITLE<>Re:新規入会希望
USER_NAME<>さりなが
USER_EMAIL<>
USER_WEBPAGE<>
USER_ID<>Joko9
TRIP<>wzlZJDZT2q
TOMATO<>0
POST_TIME<>1076816720
&
&gt; 本日はおつかれさまでした。そういえば、まだ言ってなかったので… 蔵太平山愛好会に新規入会希望いたします。
　了承
&&
NO<>5
TITLE<>教えてください
USER_NAME<>ＣＮ：Ｍａｒｋ
USER_EMAIL<>shu-saratani@moon.odn.ne.jp
USER_WEBPAGE<>http://cosjopurney.chu.jp
USER_ID<>6t7lM
TOMATO<>0
POST_TIME<>1077269731
&
蔵のメニューについて教えてほしいのですが。
鍋は何月から翌年の何月まで販売しているのですか？
季節限定メニューを教えてください
&&
NO<>6
RES<>5
TITLE<>Re:教えてください
USER_NAME<>さりなが怪鳥
USER_EMAIL<>bbs@sarinaga.com
USER_WEBPAGE<>www.sarinaga.com
USER_ID<>ChncS
TRIP<>wzlZJDZT2q
TOMATO<>0
POST_TIME<>1077430260
&
&gt; 蔵のメニューについて教えてほしいのですが。
&gt; 鍋は何月から翌年の何月まで販売しているのですか？
&gt; 季節限定メニューを教えてください
　去年はいつ頃まで食べていたんだっけなぁ？　忘れました。
　バレンタインの時はまだ鍋メニューはありましたよ。
&&
NO<>7
RES<>6
TITLE<>Re:教えてください
USER_NAME<>ＣＮ：Ｍａｒｋ
USER_EMAIL<>shu-saratani@moon.odn.ne.jp
USER_WEBPAGE<>http://cosjopurney.chu.jp
USER_ID<>BZTgz
TOMATO<>0
POST_TIME<>1077448447
&
鍋メニューは
遅くても春まであってもおかしくはないと思いますが。
今年の１０月連休に軽井沢ロケの帰りに打ち上げ宴会で
利用したいのですが、１０月上旬だとまだ鍋の販売はしてないのですか？
&&
NO<>8
RES<>7
TITLE<>Re:教えてください
USER_NAME<>怪鳥
USER_EMAIL<>
USER_WEBPAGE<>
USER_ID<>toAW7
TRIP<>wzlZJDZT2q
TOMATO<>0
POST_TIME<>1078501925
&
&gt; 鍋メニューは
&gt; 遅くても春まであってもおかしくはないと思いますが。
&gt; 今年の１０月連休に軽井沢ロケの帰りに打ち上げ宴会で
&gt; 利用したいのですが、１０月上旬だとまだ鍋の販売はしてないのですか？
　１０月はまだないよ〜。鍋は１２月に入ってからだ。
&&
NO<>9
TITLE<>教えてほしいことがあります。
USER_NAME<>アニ
USER_EMAIL<>
USER_WEBPAGE<>
USER_ID<>nLUoN
TOMATO<>0
POST_TIME<>1079453543
&
こんど上京した時に行ってみたいと思うのですが、
一人で行っても入れるのでしょうか？
それとも複数で予約をしないと入れないのでしょうか？
&&
NO<>10
RES<>9
TITLE<>Re:教えてほしいことがあります。
USER_NAME<>さりなが怪鳥
USER_EMAIL<>
USER_WEBPAGE<>
USER_ID<>bAZML
TRIP<>wzlZJDZT2q
TOMATO<>0
POST_TIME<>1079963420
&
&gt; こんど上京した時に行ってみたいと思うのですが、
&gt; 一人で行っても入れるのでしょうか？
&gt; それとも複数で予約をしないと入れないのでしょうか？
　特に問題ないですけど、一人で呑むのはある意味寂しいものがあると思う（笑）
&&
NO<>11
RES<>9
TITLE<>Re:教えてほしいことがあります。
USER_NAME<>ＣＮ：Ｍａｒｋ
USER_EMAIL<>shu-saratani@moon.odn.ne.jp
USER_WEBPAGE<>http://cosjopurney.chu.jp
USER_ID<>oSEa8
TOMATO<>0
POST_TIME<>1080524710
&
&gt; こんど上京した時に行ってみたいと思うのですが、
&gt; 一人で行っても入れるのでしょうか？
&gt; それとも複数で予約をしないと入れないのでしょうか？
土日などのコスプレ営業の時は１７時〜２０時と２０時〜２３時に
分かれております（いずれもオーダーストップ閉店１時間前）
４人以上でしたら事前予約が可能で
４人未満だと当日の１６時過ぎに店の前に待って、１７時からか
２０じからかを予約するしかないです。
飛び入りで入れる可能性は少ないです
&&
NO<>12
TITLE<>冬コミ期間中は
USER_NAME<>サトシ＠ＣＮ：Ｍａｒｋ
USER_EMAIL<>shu-saratani@moon.odn.ne.jp
USER_WEBPAGE<>www2.odn.ne.jp/cosjourney
USER_ID<>f6929
TOMATO<>0
POST_TIME<>1098582940
&
平日と祝日は普通の営業で、
コスプレでの営業は土日のみと聞きますが、
冬コミ期間中の件ですが、去年は前日（土曜日）と
初日（日曜日、私が利用した）はコスプレ営業で、２日目（月曜日）は普通の営業、最終日（火曜日）がコスプレでの特別営業で
事前予約、事前オーダーで貸切扱いだったそうです。
今年はどのような営業になるのですか？聞いてきてほしいです。
最終日が事前予約、事前オーダーの貸切扱いでコスプレの特別営業だったら、友人を連れて利用したいです。
それと鍋料理の販売ですが、去年の冬コミ最終日には販売していたのでしょうか？今年はどうなんでしょうか？
&&
NO<>13
RES<>12
TITLE<>Re:冬コミ期間中は
USER_NAME<>さりなが怪鳥
USER_EMAIL<>bbs2@sarinaga.com
USER_WEBPAGE<>www.sarinaga.com
USER_ID<>NABm1
TRIP<>wzlZJDZT2q
TOMATO<>0
POST_TIME<>1098970807
&
&gt; 事前予約、事前オーダーで貸切扱いだったそうです。
&gt; 今年はどのような営業になるのですか？聞いてきてほしいです。
まだ何も話を聞いていないです。2ヶ月前ですし。まあ、最終日はコスプレ営業でしょう。

ちなみに、去年は最終日に追加注文ができない状況だったということを書いておきます。今年も同じでしょう。
&&
NO<>14
RES<>12
TITLE<>Re:冬コミ期間中は
USER_NAME<>さりなが怪鳥
USER_EMAIL<>bbs2@sarinaga.com
USER_WEBPAGE<>www.sarinaga.com
USER_ID<>46zfL
TRIP<>wzlZJDZT2q
TOMATO<>0
POST_TIME<>1099236520
&
年末の営業について聞いてきました。
12月29日、30日双方ともコスプレ営業だそうです。
&&
NO<>15
TITLE<>詳細は
USER_NAME<>サトシ＠Ｍａｒｋ
USER_EMAIL<>shu-saratani@moon.odn.ne.jp
USER_WEBPAGE<>www2.odn.ne.jp/cosjourney
USER_ID<>XTnnD
TOMATO<>0
POST_TIME<>1099260807
&
去年（冬コミ最終日の１２月３０日）みたいに
事前予約・オーダーの貸切みたいになるのですか？
鍋の販売もするのですか？
以上のことも聞いてきてほしいです。
&&
NO<>16
RES<>15
TITLE<>Re:詳細は
USER_NAME<>サトシ＠Ｍａｒｋ
USER_EMAIL<>
USER_WEBPAGE<>
USER_ID<>dDeJ4
TOMATO<>0
POST_TIME<>1100123054
&
冬コミ期間中（１２月２９〜３０日）はコスプレでの特別営業の予定だとわかりました。去年の冬コミ最終日（１２月３０日）のコスプレ特別営業の場合、完全に事前予約及び事前オーダー（当日の追加オーダーが出来ない）でしたが、今年はどうなんでしょうか？
鍋料理も取り扱いするのでしょうか？
そうなるのであれば早めに予約したいので、教えてください
&&
