THREAD_TITLE<>日記感想スレ
POST<>22
AGE_TIME<>1098294838
&&
NO<>0
TITLE<>突っ込みどころ満載？
USER_NAME<>さりなが
USER_EMAIL<>
USER_WEBPAGE<>
USER_ID<>ra6Lk
TRIP<>3KiDbbVn1e
TOMATO<>
POST_TIME<>1045053273
&

&&
NO<>1
RES<>0
TITLE<>Re:突っ込みどころ満載？
USER_NAME<>さりなが
USER_EMAIL<>
USER_WEBPAGE<>
USER_ID<>texqx
TRIP<>3KiDbbVn1e
TOMATO<>
POST_TIME<>1048435352
&
　日記の感想はIRCで来るからかこっちは閑古鳥か＝
&&
NO<>2
TITLE<>ドクター中松
USER_NAME<>ばるばる
USER_EMAIL<>
USER_WEBPAGE<>
USER_ID<>YRWaT
TOMATO<>
POST_TIME<>1049036754
&
確か、前回は洗脳電波発生装置を積んでいたという話。＜車
効果のほどは…選挙の結果でわかりますよね。（笑）
&&
NO<>3
RES<>2
TITLE<>Re:ドクター中松
USER_NAME<>さりなが
USER_EMAIL<>
USER_WEBPAGE<>
USER_ID<>R42aI
TRIP<>3KiDbbVn1e
TOMATO<>
POST_TIME<>1049563231
&
&gt;&nbsp;確か、前回は洗脳電波発生装置を積んでいたという話。＜車
&gt;&nbsp;効果のほどは…選挙の結果でわかりますよね。（笑）
　あの屋根の上に載っていた怪しげな黄色い機械の名前はトーセンというそうです。電波を発生させることでドクター中松と投票用紙に書かせるそうな。

　ちなみに、そのような行為は公職選挙法違反なのでした。
&&
NO<>4
TITLE<>Why does www.littlebsd.com run on GNU/Linux?
USER_NAME<>Fukapon
USER_EMAIL<>
USER_WEBPAGE<>www.fukapon.com/
USER_ID<>Vc3MB
TOMATO<>0
POST_TIME<>1076596417
&
　初めて書き込んでみる（^^; メールの方が楽なんですが、なんか、掲示板に書き込んだ方がよさげなことを、最近の日記から読み取ったので、努力努力。

　某所でも出ていましたが、そーゆーことでしょ? って言うのがBSD使いとして当然の反応かと。

 http://www.openbsd.org/faq/faq8.html#wwwsolaris
&&
NO<>5
RES<>4
TITLE<>Re:Why does www.littlebsd.com run on GNU/Linux?
USER_NAME<>さりなが
USER_EMAIL<>
USER_WEBPAGE<>www.sarinaga.com
USER_ID<>Joko9
TRIP<>wzlZJDZT2q
TOMATO<>0
POST_TIME<>1076816800
&
&gt; 　初めて書き込んでみる（^^; メールの方が楽なんですが、なんか、掲示板に書き込んだ方がよさげなことを、最近の日記から読み取ったので、努力努力。
&gt; 
　でも、いちいち携帯電話のメールに書いたと通知せんでも(w

&gt; 　某所でも出ていましたが、そーゆーことでしょ? って言うのがBSD使いとして当然の反応かと。
&gt; 
&gt;  http://www.openbsd.org/faq/faq8.html#wwwsolaris
&gt;
　う〜ん、SRSさくらのサーバーなら特にしていなければBSDになったのになぁ
&&
NO<>6
RES<>5
TITLE<>Re:Why does www.littlebsd.com run on GNU/Linux?
USER_NAME<>Fukapon
USER_EMAIL<>
USER_WEBPAGE<>www.fukapon.com/
USER_ID<>heU83
TOMATO<>0
POST_TIME<>1077201536
&
&gt;　でも、いちいち携帯電話のメールに書いたと通知せんでも(w

　メール通知機能が最近の流行なんですよ（謎

&gt; 　う〜ん、SRSさくらのサーバーなら特にしていなければBSDになったのになぁ

　そもそも、LittleBSD担当者から観れば、さくらのレンタルサーバじゃないかと。これみたいで。

 http://lolipop.jp/
&&
NO<>7
TITLE<>リンク先間違い
USER_NAME<>ＫｏＺ
USER_EMAIL<>
USER_WEBPAGE<>
USER_ID<>y8o2K
TRIP<>Vgu0zpAiAV
TOMATO<>0
POST_TIME<>1078810415
&
http://www.sarinaga.com/diary/index.html
上のこのページの３月のリンク先アドレスが待ちがっとるよ。
.xhtmlになってない。
２月のページから、３月へは行けます
&&
NO<>8
RES<>7
TITLE<>Re:リンク先間違い
USER_NAME<>さりなが
USER_EMAIL<>
USER_WEBPAGE<>
USER_ID<>ljQ58
TRIP<>wzlZJDZT2q
TOMATO<>0
POST_TIME<>1078933381
&
&gt; http://www.sarinaga.com/diary/index.html
&gt; 上のこのページの３月のリンク先アドレスが待ちがっとるよ。
&gt; .xhtmlになってない。
&gt; ２月のページから、３月へは行けます
　直しました^^;。
　ご指摘ありがとうございますm(__)m。
&&
NO<>9
RES<>8
TITLE<>Re:リンク先間違い
USER_NAME<>TO-RU
USER_EMAIL<>
USER_WEBPAGE<>www.ttsoft.org/~ttsoft/
USER_ID<>7nSEX
TRIP<>nWUY5jKlwI
TOMATO<>0
POST_TIME<>1090934996
&
http://www.sarinaga.com/diary/04diary.html
から2003年を開くと2002年がひらかれますぅ〜
&&
NO<>10
RES<>9
TITLE<>Re:リンク先間違い
USER_NAME<>さりなが
USER_EMAIL<>bbs@sarinaga.com
USER_WEBPAGE<>www.sarinaga.com
USER_ID<>oMGuP
TRIP<>wzlZJDZT2q
TOMATO<>0
POST_TIME<>1091114455
&
&gt; http://www.sarinaga.com/diary/04diary.html
&gt; から2003年を開くと2002年がひらかれますぅ〜
　ぎゃ〜直しました。
　ご指摘ありがとうございました。
&&
NO<>11
TITLE<>おつかれさまでした
USER_NAME<>サトシ＠ＣＮ：Ｍａｒｋ
USER_EMAIL<>shu-saratani@moon.odn.ne.jp
USER_WEBPAGE<>www2.odn.ne.jp/cosjourney
USER_ID<>sxHuj
TOMATO<>0
POST_TIME<>1092627096
&
夏コミ及びオフ会おつかれさまでした。
私は帰りにＭＪ＋Ｃで飲んで帰る予定で第一部を利用しました。
私もほとんどポケモンのサトシを店内でしましたが、
今回はチャイナ服の店員２人に合わせタキシードできめました。
帰りにＭＪ＋Ｃに行くべく、店を出た後に電話で空席の確認をしてから直接新橋に向かいました。
さりながさんの感想も聞きたいです。
さりながさんも次回オフ会をするのでしたら、
第一部での一次会と新橋ＭＪ＋Ｃでの二次会はどうですか？

ＭＪ＋ＣのＨＰです
http://www.mjc-wotanko.com/mjc/mjctop.htm
&&
NO<>12
TITLE<>萌え体験告白読了
USER_NAME<>Fukapon
USER_EMAIL<>
USER_WEBPAGE<>www.fukapon.com/
USER_ID<>95mXQ
TOMATO<>0
POST_TIME<>1095678336
&
　ハートフルで素敵でしたよ（^^;
　かなり甘めなので、苦手な人もいるのでしょうけど（^^; 私はべたべたに甘いのが大好きなので、とっても幸せでした（笑

　せっかくなので、Amazonに以下の簡単なレビューをつっこんできました。

　全話しっかり「妹」と「お兄ちゃん」しています。普通の恋人との違いの中にある兄妹だけの想いが、とっても幸せに感じられました。最後の一線は越えないなんて話はもう、全国のお兄ちゃん号泣に違いありません。...妹さんは、いかがでしょう?（^^;
　お兄ちゃんであるあなたに、妹のあなたに、おすすめおすすめ。兄妹それぞれの視点から展開するお話が収録されているため、お互い、想い合って楽しんでください。

　ただこれが、18禁になっていないのはどーかなぁ、と思いますけど。エッチなお話ばかりだったのが、残念な点だとは言えますね。
&&
NO<>13
RES<>12
TITLE<>Re:萌え体験告白読了
USER_NAME<>さりなが
USER_EMAIL<>
USER_WEBPAGE<>
USER_ID<>oNqKn
TRIP<>wzlZJDZT2q
TOMATO<>0
POST_TIME<>1095691933
&
私がヤコブ病になりかけたのはそのあまあまな話の内容だったからですが......
&&
NO<>14
RES<>13
TITLE<>Re:萌え体験告白読了
USER_NAME<>Fukapon
USER_EMAIL<>
USER_WEBPAGE<>www.fukapon.com/
USER_ID<>ZSd57
TOMATO<>0
POST_TIME<>1095771815
&
　甘いのがイヤだなんて、どこかビョーキですよ?（笑

　...あまりに歪みすぎて、甘さを幸せと感じられなくなってしまったのですね（ぉ。と言ってみるものの、この世界、案外甘党は少ない気がしてきました（^^;
&&
NO<>15
TITLE<>わたしのお兄ちゃんも読了
USER_NAME<>Fukapon
USER_EMAIL<>
USER_WEBPAGE<>http://www.fukapon.com/
USER_ID<>tEtcm
TOMATO<>0
POST_TIME<>1096130354
&
　甘くない（^^;

　妹の一途な想いを利用するなんてのは許せませんね（^^; アレな人たちにはこっちの方が受ける予感がしますけど。べたべたに甘いのが好きな方、優しく過保護なお兄ちゃんにはあまりおすすめできません。

　「妹の一途な想い」はきちっと描かれていますので、その視点から幸せに浸るのはありかも。それでも兄の態度を見逃せたものではござませんが。

　とゆーわけで、こっちならさりながさんでもいけるよーな。...ぁ、この程度じゃ不足ですかね?（爆
&&
NO<>16
RES<>15
TITLE<>Re:わたしのお兄ちゃんも読了
USER_NAME<>名無しの権兵衛さん
USER_EMAIL<>
USER_WEBPAGE<>www.fukapon.com/
USER_ID<>2ndz3
TOMATO<>0
POST_TIME<>1096554946
&
&gt; 　とゆーわけで、こっちならさりながさんでもいけるよーな。...ぁ、この程度じゃ不足ですかね?（爆

　この程度では不足でしたか（笑
&&
NO<>17
RES<>16
TITLE<>Re:わたしのお兄ちゃんも読了
USER_NAME<>さりなが
USER_EMAIL<>bbs2@sarinaga.com
USER_WEBPAGE<>www.sarinaga.com
USER_ID<>9v8MA
TRIP<>wzlZJDZT2q
TOMATO<>0
POST_TIME<>1096559586
&
&gt; 　この程度では不足でしたか（笑
いや、エロの描写はいいとする。つーか、処女からの初体験からはじまって開発が早すぎるのは作者が面倒に思ったからなのか。

すっかすかなのはストーリーですな。


=====
で、なぜ、名無しの権兵衛さんになっているのか問いつめたい
&&
NO<>18
RES<>17
TITLE<>Re:わたしのお兄ちゃんも読了
USER_NAME<>Fukapon
USER_EMAIL<>bxp04335@nifty.ne.jp
USER_WEBPAGE<>www.fukapon.com/
USER_ID<>AwwJf
TOMATO<>0
POST_TIME<>1096736379
&
&gt; いや、エロの描写はいいとする。つーか、処女からの初体験からはじまって開発が早すぎるのは作者が面倒に思ったからなのか。

　ありゃいかんですね。
　甘さを減らしてしまう原因です（^^;
 
&gt; すっかすかなのはストーリーですな。

　脳内補完がきかないと厳しいでしょうね（^^;
　妹に感情移入できちゃうような人だと、結構問題ないんじゃないかと（笑。序盤はそこそこ想いを描写していると思いますので、その延長線上で後半も読めます。


&gt; で、なぜ、名無しの権兵衛さんになっているのか問いつめたい

　入力し忘れ（爆
&&
NO<>19
TITLE<>読めない
USER_NAME<>Fukapon
USER_EMAIL<>
USER_WEBPAGE<>www.fukapon.com/
USER_ID<>765cZ
TOMATO<>0
POST_TIME<>1097930013
&
　宗教がかった「IEが悪い」コメントがあるようですが（笑）、私はHTMLブラウザしか持っていないので...（ぉ

　HTMLブラウザを切り捨てるのって、XHTMLの仕様もしくは精神に反するような気がするんですが、どーなんでしょね? 詳しくないので何とも言えないのですが。
&&
NO<>20
RES<>19
TITLE<>Re:読めない
USER_NAME<>さりなが
USER_EMAIL<>bbs2@sarinaga.com
USER_WEBPAGE<>www.sarinaga.com
USER_ID<>ohQ27
TRIP<>wzlZJDZT2q
TOMATO<>1
IP_HOST<>usen-221x243x211x138.ap-us01.usen.ad.jp
IP_ADDR<>221.243.211.138
USER_AGENT<>Mozilla/5.0 (Windows; U; Windows NT 5.1; ja-JP; rv:1.7) Gecko/20040614 Firefox/0.9
POST_TIME<>1098196613
&
&gt; 　宗教がかった「IEが悪い」コメントがあるようですが（笑）、私はHTMLブラウザしか持っていないので...（ぉ
&gt; 
&gt; 　HTMLブラウザを切り捨てるのって、XHTMLの仕様もしくは精神に反するような気がするんですが、どーなんでしょね? 詳しくないので何とも言えないのですが。
　あ〜、もう直した。
　でも、IEが仕様に従ってものを作ってくれればあんな事にはならないのであって、IEが悪い。
&&
NO<>21
RES<>20
TITLE<>Re:読めない
USER_NAME<>Fukapon
USER_EMAIL<>
USER_WEBPAGE<>www.fukapon.com/
USER_ID<>n0Hgr
TOMATO<>0
POST_TIME<>1098294838
&
&gt; 　でも、IEが仕様に従ってものを作ってくれればあんな事にはならないのであって、IEが悪い。

　「どの（どこまでの）仕様に従うか」の問題では?
　対応していないことをすべてあくというのは横暴かと。
&&
