THREAD_TITLE<>オフ会用スレ
POST<>129
AGE_TIME<>1100094688
&&
NO<>0
TITLE<>やはりメインは
USER_NAME<>さりなが
USER_EMAIL<>
USER_WEBPAGE<>
USER_ID<>ra6Lk
TRIP<>3KiDbbVn1e
TOMATO<>
POST_TIME<>1045053329
&
蔵太平山用か！？
&&
NO<>1
TITLE<>先日は実に残念なことに
USER_NAME<>さりなが怪鳥
USER_EMAIL<>
USER_WEBPAGE<>
USER_ID<>ra6Lk
TRIP<>3KiDbbVn1e
TOMATO<>
POST_TIME<>1045053792
CORRECT_TIME<>1045053816
&
蔵太平山リベンジの日時はいつが良いでしょう？
&&
NO<>2
TITLE<>３月２２日オフ
USER_NAME<>さりなが怪鳥
USER_EMAIL<>
USER_WEBPAGE<>
USER_ID<>yJaL9
TRIP<>3KiDbbVn1e
TOMATO<>
POST_TIME<>1047294675
&
さて、オフです（発案：nachiさ）。
参加する人はレスをお願いします
&&
NO<>3
RES<>2
TITLE<>Re:３月２２日オフ
USER_NAME<>nachi
USER_EMAIL<>
USER_WEBPAGE<>
USER_ID<>krCm9
TOMATO<>
POST_TIME<>1047295367
&
&gt;&nbsp;さて、オフです（発案：nachiさ）。
&gt;&nbsp;参加する人はレスをお願いします

発案者ですので当然参加します（ｗ
あちこち声掛けてみますよ〜。
&&
NO<>4
RES<>2
TITLE<>Re:３月２２日オフ
USER_NAME<>佐佐木信照
USER_EMAIL<>nobuteru@serika.info
USER_WEBPAGE<>www.musen.gr.jp/nobuteru/
USER_ID<>ftTdL
TOMATO<>
POST_TIME<>1047384065
&
こんばんは、半脱ぎ同盟の佐佐木信照です。
off参加希望いたします。

＃この挨拶も久しぶりだ(w
&&
NO<>5
RES<>2
TITLE<>Re:３月２３日オフ
USER_NAME<>nachi
USER_EMAIL<>
USER_WEBPAGE<>
USER_ID<>uS91J
TOMATO<>
POST_TIME<>1047484950
&
すみませんうっかりしてました。23日の間違いです。
22日は土曜日でお休みです(o_&nbsp;_)o
&&
NO<>6
RES<>2
TITLE<>Re:３月２２日オフ
USER_NAME<>Tank!s
USER_EMAIL<>
USER_WEBPAGE<>
USER_ID<>l2Uyb
TRIP<>TsrQVN2uMS
TOMATO<>
POST_TIME<>1047624553
&
3月23日ですか…
別でオフ会入ってるのでパス
場所は蔵です(ぉ

放置しておいてください(苦笑)
&&
NO<>7
RES<>2
TITLE<>Re:３月２２日オフ
USER_NAME<>ばるばる
USER_EMAIL<>
USER_WEBPAGE<>
USER_ID<>G7W7q
TOMATO<>
POST_TIME<>1047736819
&
23なら行けそうです。
この前は潰れてしまったので今度こそ。（笑）
&&
NO<>8
RES<>4
TITLE<>Re:３月２２日オフ
USER_NAME<>nachi
USER_EMAIL<>
USER_WEBPAGE<>
USER_ID<>Bg29h
TOMATO<>
POST_TIME<>1047776191
&
&gt;&nbsp;＃この挨拶も久しぶりだ(w

あはは（w

信照さんはやっぱり、８時からの方がご都合が宜しいんでしょうか？
&&
NO<>9
RES<>8
TITLE<>Re:３月２２日オフ
USER_NAME<>佐佐木信照
USER_EMAIL<>nobuteru@serika.info
USER_WEBPAGE<>www.musen.gr.jp/nobuteru/
USER_ID<>6uRLP
TOMATO<>
POST_TIME<>1047901897
&
&gt;&nbsp;信照さんはやっぱり、８時からの方がご都合が宜しいんでしょうか？

今回は、どちらでも構いません。
&&
NO<>10
RES<>2
TITLE<>Re:３月２２日オフ
USER_NAME<>さりなが
USER_EMAIL<>
USER_WEBPAGE<>
USER_ID<>rwqfH
TRIP<>3KiDbbVn1e
TOMATO<>
POST_TIME<>1048160729
&
　予約したんだから、詳細書いてよ(w&gt;nachiさ
&&
NO<>11
RES<>10
TITLE<>Re:３月２２日オフ
USER_NAME<>nachi
USER_EMAIL<>
USER_WEBPAGE<>
USER_ID<>fbA1O
TOMATO<>
POST_TIME<>1048265018
&
&gt;&nbsp;　予約したんだから、詳細書いてよ(w&gt;nachiさ

申し訳ありません（滝汗
宴会は23日20時からです。
開始15分前（19時45分）に、JR神田駅南口に集合して下さい。
コースは鳥ちゃんこ鍋となっております。

参加者（アルファベット順、敬称略）：
barubaru、CHIBA、nachi、nobuteru、OliB、sarinaga

不十分な点がありましたらご指摘下さい（汗
&&
NO<>12
RES<>11
TITLE<>Re:３月２２日オフ
USER_NAME<>nachi
USER_EMAIL<>
USER_WEBPAGE<>
USER_ID<>NsPAE
TOMATO<>
POST_TIME<>1048349227
&
&gt;&nbsp;参加者（アルファベット順、敬称略）：
&gt;&nbsp;barubaru、CHIBA、nachi、nobuteru、OliB、sarinaga

OliBさんが急用のため参加できなくなりました…
&&
NO<>13
RES<>12
TITLE<>Re:３月２２日オフ
USER_NAME<>さりなが
USER_EMAIL<>
USER_WEBPAGE<>
USER_ID<>o5dHL
TRIP<>3KiDbbVn1e
TOMATO<>
POST_TIME<>1048387815
&
&gt;&nbsp;&gt;&nbsp;参加者（アルファベット順、敬称略）：
&gt;&nbsp;&gt;&nbsp;barubaru、CHIBA、nachi、nobuteru、OliB、sarinaga
&gt;&nbsp;
&gt;&nbsp;OliBさんが急用のため参加できなくなりました…
　予備隊員はおらぬか？
&&
NO<>14
RES<>13
TITLE<>Re:３月２２日オフ
USER_NAME<>nachi
USER_EMAIL<>
USER_WEBPAGE<>
USER_ID<>NsPAE
TOMATO<>
POST_TIME<>1048394907
&
&gt;&nbsp;　予備隊員はおらぬか？

確保できました☆
&&
NO<>15
RES<>14
TITLE<>Re:３月２２日オフ
USER_NAME<>nachi
USER_EMAIL<>
USER_WEBPAGE<>
USER_ID<>NsPAE
TOMATO<>
POST_TIME<>1048409861
&
&gt;&nbsp;確保できました☆

…と思ったら、「やっぱり参加しない」だそうです(o_&nbsp;_)o
&&
NO<>16
RES<>2
TITLE<>３月２２日オフ：お疲れ様でした
USER_NAME<>さりなが
USER_EMAIL<>
USER_WEBPAGE<>
USER_ID<>texqx
TRIP<>3KiDbbVn1e
TOMATO<>
POST_TIME<>1048434911
&
　うん、楽しかったですぞ。
　しかし、もう次回のオフの予定は走り始めているのであった。
&&
NO<>17
TITLE<>４月１３日蔵太平山制服デーオフ
USER_NAME<>さりなが
USER_EMAIL<>
USER_WEBPAGE<>
USER_ID<>texqx
TRIP<>3KiDbbVn1e
TOMATO<>
POST_TIME<>1048435149
CORRECT_TIME<>1048435194
&
これは絶対に行きます。

barubaruさん、nachiさん、nobuteruさん、CHIBAさん、私は強制参加。あと１人何とかして見つけましょう。

ちなみに、通信用語の基礎知識のUh-さんが参加するかも知れないとのことです。その場合はまりもさんも自動的に参加するとのことです。

ええ、予約の３０日までに何とか参加者をまとめましょう。

聞いたところによると、予約は遅めでも大丈夫だということですが、確実を期すためにこちらはちょっと無謀なことをしようかと思っています^^;。何はともあれ、奮ってご参加を。
&&
NO<>18
RES<>17
TITLE<>Re:４月１３日蔵太平山制服デーオフ
USER_NAME<>ばるばる
USER_EMAIL<>
USER_WEBPAGE<>
USER_ID<>ne6K2
TOMATO<>
POST_TIME<>1048860923
&
強制参加の人も表明せよとのことなので。
前回の20:00は次の日きつかったので、できれば17:00がよいなあ。
&&
NO<>19
RES<>18
TITLE<>Re:４月１３日蔵太平山制服デーオフ
USER_NAME<>佐佐木信照
USER_EMAIL<>nobuteru@serika.info
USER_WEBPAGE<>www.musen.gr.jp/nobuteru/
USER_ID<>Gcqwt
TOMATO<>
POST_TIME<>1048865445
&
&gt;&nbsp;強制参加の人も表明せよとのことなので。

この日は、イベントスタッフの打ち上げがありますので、
すみませんが、現時点では、不可の方向で…
可の方向にしても、17:00はイベント中なのでどのみち不可です。

今しばらく検討する時間をください。
&&
NO<>20
RES<>18
TITLE<>Re:４月１３日蔵太平山制服デーオフ
USER_NAME<>さりなが
USER_EMAIL<>
USER_WEBPAGE<>
USER_ID<>RvcGj
TRIP<>3KiDbbVn1e
TOMATO<>
POST_TIME<>1048870530
&
&gt;&nbsp;強制参加の人も表明せよとのことなので。
&gt;&nbsp;前回の20:00は次の日きつかったので、できれば17:00がよいなあ。
　遅くになったせいで私は二日酔いに悩まされましたが……。
　う〜ん、２０：００じゃないと良くない人が結構多いんだよなぁ。
&&
NO<>21
RES<>17
TITLE<>Re:４月１３日蔵太平山制服デーオフ
USER_NAME<>千葉幸司
USER_EMAIL<>chiba@m6.people.or.jp
USER_WEBPAGE<>web.ffn.ne.jp/~egg/
USER_ID<>Y5Cdw
TOMATO<>
POST_TIME<>1048951585
&
&gt;&nbsp;barubaruさん、nachiさん、nobuteruさん、CHIBAさん、私は強制参加。

というわけで参加します（笑）

ところで、月曜日の早抜けは無理っぽくなりましたA(^^;
&&
NO<>22
TITLE<>４月１３日予約しました
USER_NAME<>さりなが
USER_EMAIL<>
USER_WEBPAGE<>
USER_ID<>DZD79
TRIP<>3KiDbbVn1e
TOMATO<>
POST_TIME<>1049124399
&
ほとんど見切り発車だけど……

８時から、６人、牛肉しゃぶしゃぶコース3300円コースで予約しました。後は微調整していきましょう。
&&
NO<>23
RES<>19
TITLE<>Re:４月１３日蔵太平山制服デーオフ
USER_NAME<>佐佐木信照
USER_EMAIL<>nobuteru@serika.info
USER_WEBPAGE<>www.musen.gr.jp/nobuteru/
USER_ID<>SSWkf
TOMATO<>
POST_TIME<>1049383977
&
検討の結果、参加する方向でよろしくお願いします。

＃スタッフ連中に「抜け駆け」したのがバレないことを祈りつつ
&&
NO<>24
RES<>22
TITLE<>Re:４月１３日予約しました
USER_NAME<>さりなが
USER_EMAIL<>
USER_WEBPAGE<>
USER_ID<>R42aI
TRIP<>3KiDbbVn1e
TOMATO<>
POST_TIME<>1049558072
&
&gt;&nbsp;ほとんど見切り発車だけど……
&gt;&nbsp;
&gt;&nbsp;８時から、６人、牛肉しゃぶしゃぶコース3300円コースで予約しました。後は微調整していきましょう。

　えーと、現在までの表明者。

さりなが
CHIBAさん（表明済）
ばるばるさん（表明済）
佐佐木信照さん（表明済；大丈夫なのか？）
nachiさん（強制参加）

中根東竜さん[通信用語の基礎知識]（表明済）
Uh-さん[通信用語の基礎知識]（表明済）
おかのまりもさん[通信用語の基礎知識]（表明済）
&&
NO<>25
RES<>17
TITLE<>Re:４月１３日蔵太平山制服デーオフ
USER_NAME<>nachi
USER_EMAIL<>
USER_WEBPAGE<>
USER_ID<>V3Pry
TOMATO<>
POST_TIME<>1049559844
&
参加表明忘れてました(o_&nbsp;_)o
&&
NO<>26
RES<>24
TITLE<>４月１３日予約締め切りました
USER_NAME<>さりなが
USER_EMAIL<>
USER_WEBPAGE<>
USER_ID<>H4GeX
TRIP<>3KiDbbVn1e
TOMATO<>
POST_TIME<>1049900236
&
　予約受付は締め切りました。
　連絡メールも送りました。
&&
NO<>27
TITLE<>４月１３日感想
USER_NAME<>さりなが
USER_EMAIL<>
USER_WEBPAGE<>
USER_ID<>mPolg
TRIP<>3KiDbbVn1e
TOMATO<>
POST_TIME<>1050273849
&
とりあえず、ここに書いてください。
&&
NO<>28
TITLE<>５月４日\e
USER_NAME<>さりなが
USER_EMAIL<>
USER_WEBPAGE<>
USER_ID<>2e4px
TRIP<>3KiDbbVn1e
TOMATO<>
POST_TIME<>1051448268
&
スレの運用はやる気なし。

現在までの表明者

たくろ（発案）
怪鳥（相乗り）
支障
nachiさ
脇田さ

後は適当にまとめてちょ
&&
NO<>29
RES<>28
TITLE<>Re:５月４日\e
USER_NAME<>Takurou_K
USER_EMAIL<>
USER_WEBPAGE<>
USER_ID<>FNIyW
TOMATO<>
POST_TIME<>1051448768
&
ＴＨＸ〜＞さりなが

何かＭＬ・蔵大平山愛好会・関東惨事会・伺か音楽部合同オフっす。
参加者は参加表明きぼんぬ。
開始時刻は関東惨事会と伺か音楽部の打ち合わせ状況に応じて決定します。

締め切りは4月28日（月）　午後５時。
&&
NO<>30
RES<>29
TITLE<>Re:５月４日\e
USER_NAME<>哲源
USER_EMAIL<>nanika@ytv.home.ne.jp
USER_WEBPAGE<>www.3jikai.to/nanika/
USER_ID<>pinRM
TOMATO<>
POST_TIME<>1051502686
CORRECT_TIME<>1051502708
&
｜・）ノ　ども

　　　　　惨事会方面から参加表明とかしてみる。

｜・）　　ﾄﾞｳﾅﾙﾉｶﾅ
&&
NO<>31
RES<>28
TOMATO<>
POST_TIME<>1051504768
DELETE_TIME<>1051505183
&&
NO<>32
RES<>29
TITLE<>Re:５月４日\e
USER_NAME<>春日らずり
USER_EMAIL<>razuli@angel-moon.net
USER_WEBPAGE<>www.angel-moon.net/
USER_ID<>sTi1u
TOMATO<>
POST_TIME<>1051505340
CORRECT_TIME<>1051513185
CORRECT_TIME<>1051513232
&
&nbsp;|・)ノ&nbsp;とりあえずせっかく東京行くのでぜひ参加を。
&&
NO<>33
RES<>29
TITLE<>Re:５月４日\e
USER_NAME<>月面水爆
USER_EMAIL<>aaf02211@pop02.odn.ne.jp
USER_WEBPAGE<>
USER_ID<>zTa2B
TOMATO<>
POST_TIME<>1051512751
CORRECT_TIME<>1051512872
CORRECT_TIME<>1051512877
&
|・）ノ

参加表明とかしてみる
MAXばら撒きますか？
&&
NO<>34
RES<>28
TITLE<>Re:５月４日\e
USER_NAME<>Takurou_K
USER_EMAIL<>
USER_WEBPAGE<>
USER_ID<>Ziosu
TOMATO<>
POST_TIME<>1051523046
&
予約しました。

少し多めに１２人。（把握している予定者を含めた数です）
コースは鳥串２３００円＋飲み放題。
５/４&nbsp;２０：００〜

というワケで、３０日の夕方６時迄なら参加表明は間に合います！
&&
NO<>35
RES<>34
TITLE<>現在の参加者状況
USER_NAME<>Takurou_K
USER_EMAIL<>
USER_WEBPAGE<>
USER_ID<>Ziosu
TOMATO<>
POST_TIME<>1051523344
CORRECT_TIME<>1051527523
CORRECT_TIME<>1051527553
&
４／２８　２０：００現在の参加者です。敬称略。

＜何かＭＬ＞
卓郎
さりなが
ちば
nachi
脇田
脇田さんの知合い
ショータ（はぁと

＜関東惨事会＞

哲源
春日らずり
月面水爆
真の漢ぱら

二人以上追加が出た場合は、限界まで追加予約します。
&&
NO<>36
RES<>29
TITLE<>Re:５月４日\e
USER_NAME<>ショータ（はぁと）
USER_EMAIL<>transalp@jcom.home.ne.jp
USER_WEBPAGE<>members.jcom.home.ne.jp/nob-m/
USER_ID<>JYCMX
TRIP<>nq0sXcVzcB
TOMATO<>
POST_TIME<>1051525539
&
まだ間に合いますか？
参加希望でし
&&
NO<>37
RES<>36
TITLE<>Re:５月４日\e
USER_NAME<>Takurou_K
USER_EMAIL<>
USER_WEBPAGE<>
USER_ID<>XAdoN
TOMATO<>
POST_TIME<>1051527194
&
ＯＫす。
&&
NO<>38
RES<>28
TITLE<>５／４突発オフ　人数追加のお知らせ
USER_NAME<>Takurou_K
USER_EMAIL<>
USER_WEBPAGE<>
USER_ID<>XAdoN
TOMATO<>
POST_TIME<>1051537479
&
蔵オフに関しての報告：
現在１2名で申し込んでいますが、１２人以上となる可能性が高くなっております。
そこで、３０日午後６時過ぎに、人数調整を行いたいと思います。
参加表明される方は、３０日午後６時までに、この投稿にレスする形で参加表明をお願いします。
尚、万一満席となった場合は先着となりますのでご了承ください。m(_&nbsp;_)m
&&
NO<>39
RES<>38
TITLE<>Re:５／４突発オフ&nbsp;人数追加のお知らせ
USER_NAME<>千葉幸司
USER_EMAIL<>chiba@m6.people.or.jp
USER_WEBPAGE<>web.ffn.ne.jp/~egg/
USER_ID<>Un7hR
TOMATO<>
POST_TIME<>1051551399
&
&gt;&nbsp;参加表明される方は、３０日午後６時までに、この投稿にレスする形で参加表明をお願いします。

参加表明しておきますです。
&&
NO<>40
RES<>38
TITLE<>Re:５／４突発オフ　人数追加のお知らせ
USER_NAME<>さりなが
USER_EMAIL<>
USER_WEBPAGE<>
USER_ID<>tSQ9e
TRIP<>3KiDbbVn1e
TOMATO<>
POST_TIME<>1051551918
&
早めに表明しておきます
&&
NO<>41
RES<>28
TITLE<>Re:５月４日\e
USER_NAME<>ＭＺＫ
USER_EMAIL<>
USER_WEBPAGE<>
USER_ID<>RmoFI
TOMATO<>
POST_TIME<>1051627097
&
|,,゜Д゜)ﾉｼ&nbsp;＜遅くなりましたが惨事会&amp;&amp;音楽部方面から参加表明でつ。
&&
NO<>42
RES<>29
TITLE<>Re:５月４日\e
USER_NAME<>Mizki_F
USER_EMAIL<>
USER_WEBPAGE<>
USER_ID<>9thkQ
TOMATO<>
POST_TIME<>1051691282
&
うに…
まだ間に合うようなら参加したいでつ。

|´∀｀）｡ｏＯ（…蔵なんて久しぶりだなぁ…）
&&
NO<>43
RES<>28
TITLE<>■参加者募集終了しました■
USER_NAME<>Takurou_K
USER_EMAIL<>
USER_WEBPAGE<>
USER_ID<>4o4i6
TOMATO<>
POST_TIME<>1051695015
CORRECT_TIME<>1051695789
&
＜何かＭＬ＞　７名
卓郎
さりなが
ちば
nachi
脇田
脇田さんの知合い
ショータ（はぁと

＜関東惨事会＞　４名

哲源
春日らずり
月面水爆
真の漢ぱら

＜伺か音楽部＞　３名

Mizki_F
ＭＺＫ
明日香

以上　１４名にて予約しました。
&&
NO<>44
RES<>43
TITLE<>たくろーさんからの伝言です
USER_NAME<>明日香
USER_EMAIL<>
USER_WEBPAGE<>
USER_ID<>9L0th
TOMATO<>
POST_TIME<>1051894262
&
たくろーさんから伝言を承っているので、
ご報告いたします

&gt;何かあったら、卓郎のオフ会専用携帯[０９０６４３７９９２７]
&gt;にＴＥＬして下さい。
&gt;但し、明日３日の日中から４日の蔵開始までしか電源は入れません

との事です
&&
NO<>45
RES<>43
TITLE<>Re:■参加者募集終了しました■
USER_NAME<>さりなが
USER_EMAIL<>
USER_WEBPAGE<>
USER_ID<>Ctj26
TRIP<>3KiDbbVn1e
TOMATO<>
POST_TIME<>1051955849
&
当日の予定は前もって書いておこうよ。
集合直前に猛烈な電話に悩まされますぞ。
&&
NO<>46
RES<>43
TITLE<>Re:■参加者募集終了しました■
USER_NAME<>ショータ（はぁと）
USER_EMAIL<>transalp@jcom.home.ne.jp
USER_WEBPAGE<>members.jcom.home.ne.jp/nob-m/
USER_ID<>sKwpx
TRIP<>nq0sXcVzcB
TOMATO<>
POST_TIME<>1052013430
&
集合場所と集合時の目印、店の予約名を教えてください。
そうすれば初めて行く人や遅刻した人も合流が楽ではないかと
思います。
&&
NO<>47
RES<>45
TITLE<>Re:■参加者募集終了しました■
USER_NAME<>Takurou_K
USER_EMAIL<>
USER_WEBPAGE<>
USER_ID<>Ujs71
TOMATO<>
POST_TIME<>1052019520
&
申し訳ないっ
すっかり忘れていました。
#&nbsp;というか、今起きました（ぉ

１９：３０に、ＪＲ神田駅南口　みどりの窓口前に集合しましょう。
僕が萌え物を抱えているので、すぐにわかると思います。
&&
NO<>48
TITLE<>\eお疲れ様でした
USER_NAME<>さりなが
USER_EMAIL<>
USER_WEBPAGE<>
USER_ID<>Zgwwe
TRIP<>3KiDbbVn1e
TOMATO<>
POST_TIME<>1052234772
&

&&
NO<>49
TITLE<>コミケ３日目
USER_NAME<>さりなが
USER_EMAIL<>
USER_WEBPAGE<>
USER_ID<>sHWMT
TRIP<>3KiDbbVn1e
TOMATO<>
POST_TIME<>1057753587
&
とりあえず、立てておきました。
時間は８時から。

決まっているのはそれだけ。
いじょ。
&&
NO<>50
RES<>49
TITLE<>Re:コミケ３日目
USER_NAME<>伊吹シン
USER_EMAIL<>
USER_WEBPAGE<>www.magi-system.info/
USER_ID<>txVi4
TOMATO<>
POST_TIME<>1058536485
&
&gt;&nbsp;とりあえず、立てておきました。
&gt;&nbsp;時間は８時から。

親元が東京に近くなったので、20:00開始でも全然OKです。
ということで参加希望でよろしくお願いします。
&&
NO<>51
RES<>49
TITLE<>Re:コミケ３日目
USER_NAME<>佐佐木信照
USER_EMAIL<>
USER_WEBPAGE<>
USER_ID<>EeKJT
TOMATO<>
POST_TIME<>1058640927
&
こんばんは、半脱ぎ同盟の佐佐木信照です。
参加希望を表明します。
&&
NO<>52
RES<>49
TITLE<>Re:コミケ３日目
USER_NAME<>nachi
USER_EMAIL<>
USER_WEBPAGE<>
USER_ID<>Kxz8i
TOMATO<>
POST_TIME<>1059506167
&
|-`)ノ　参加表明しますぅ
&&
NO<>53
RES<>50
TITLE<>Re:コミケ３日目
USER_NAME<>伊吹シン
USER_EMAIL<>maya@magi-system.info
USER_WEBPAGE<>
USER_ID<>Be3w1
TOMATO<>
POST_TIME<>1059750292
CORRECT_TIME<>1059752650
&
&gt;&nbsp;ということで参加希望でよろしくお願いします。

ごめんなさい。ちょっと別班の方で予約するのに人が必要と言う事で、
そっちで参加する事になりました。
参加は取り消しでお願いします。
＃蔵にはいると思いますので、もしかしたらお会い出来るかも？
&&
NO<>54
RES<>49
TITLE<>コミケ３日目、人数が足りないので中止
USER_NAME<>さりなが
USER_EMAIL<>
USER_WEBPAGE<>www.sarinaga.com
USER_ID<>WFAYf
TRIP<>3KiDbbVn1e
TOMATO<>
POST_TIME<>1059979962
&
ええ。駄目なんですよ。、３人では（苦笑）。
うう、ついに愛好会のコミケ最終日オフの記録は途切れてしまうのね……。
&&
NO<>55
TITLE<>コミケ1週間過ぎてからまたーりする会
USER_NAME<>怪鳥
USER_EMAIL<>aqma@sarinaga.com
USER_WEBPAGE<>
USER_ID<>tKGxY
TRIP<>3KiDbbVn1e
TOMATO<>
POST_TIME<>1061391700
&
怪鳥です。

コミケ3日目に突撃できなかった（ととこたんは突撃に成功したらしいが）ので、その1週間後に久々に蔵に突撃しませう。

突撃日時　23日（土）5時
参加者　怪鳥一人でも突撃

以上。
&&
NO<>56
TITLE<>今年の冬コミ
USER_NAME<>さりなが
USER_EMAIL<>bbs@sarinaga.com
USER_WEBPAGE<>www.sarinaga.com
USER_ID<>wYcBz
TRIP<>wzlZJDZT2q
TOMATO<>
POST_TIME<>1069686903
&
私は蔵に突撃するのが非常に厳しくなって参りました^^;。なので、ここでの公式オフ会はやりません。

それでも、一応年末の蔵の営業形態は聞いておくつもりではあります^^;。
&&
NO<>57
TITLE<>12/30蔵オフ参加表明キボンヌ。
USER_NAME<>Takurou Katagiri
USER_EMAIL<>takurou@sayaka.hopto.org
USER_WEBPAGE<>
USER_ID<>vQX7B
TRIP<>ClwwyeNkE4
TOMATO<>
POST_TIME<>1070803638
CORRECT_TIME<>1070804357
CORRECT_TIME<>1070804374
&
１２月３０日（コスの日）に、今年最後の蔵オフしませふ。

現在の参加表明：
・卓郎（幹事）
・さりなが
・Yuel_Y（就職内定おめー）
・平田泰行

12/15　0：00まで参加表明受付中。
氏名・所属・希望コースをよろしくです。
（とりあえず、「鳥串」コ−ス3,000円を予定。）
コースについては、http://www.sarinaga.com/kura/を参照しる。

追記：時間は20時を予定。17時じゃなきゃダメな人はお知らせください。
&&
NO<>58
RES<>57
TITLE<>Re:12/30蔵オフ参加表明キボンヌ。
USER_NAME<>望月高雄
USER_EMAIL<>
USER_WEBPAGE<>www.nekomimi.ne.jp/totoko/
USER_ID<>RZaAe
TOMATO<>
POST_TIME<>1070804282
&
参加表明します。
&&
NO<>59
RES<>57
TITLE<>Re:12/30蔵オフ参加表明キボンヌ。
USER_NAME<>shoo
USER_EMAIL<>shoo@qcho.jp
USER_WEBPAGE<>
USER_ID<>1AH5O
TOMATO<>
POST_TIME<>1070804532
&
shoo (#うにっくす:*.jp) でつ。参加しまふ。
コースは特に希望はありません。
&&
NO<>60
RES<>57
TITLE<>Re:12/30蔵オフ参加表明キボンヌ。
USER_NAME<>Takurou Katagiri
USER_EMAIL<>takurou@sayaka.hopto.org
USER_WEBPAGE<>
USER_ID<>vQX7B
TRIP<>ClwwyeNkE4
TOMATO<>
POST_TIME<>1070804706
&
修正と追記。
&gt; ・Yuel_Y（就職内定おめー）

Yuel.Yさめの間違いでした。腹を切って死ぬべき（略）

参加表明は…
・氏名（HN・Nick可）
・参加表明する旨（参加不能・変更の場合も同様）
・所属（何かMLとか、うにっくすとか。）
といった感じでよろしくです。
&&
NO<>61
RES<>57
TITLE<>Re:12/30蔵オフ参加表明キボンヌ。
USER_NAME<>Ｌ
USER_EMAIL<>
USER_WEBPAGE<>
USER_ID<>wP7Z0
TOMATO<>
POST_TIME<>1070804819
&
丸山隆義/L__/Ｌ＠#うにっくす:*.jp参加します。
&&
NO<>62
RES<>57
TITLE<>Re:12/30蔵オフ参加表明キボンヌ。
USER_NAME<>Yuel Y.
USER_EMAIL<>webmaster@yuelstudio.org
USER_WEBPAGE<>yuelstudio.org/
USER_ID<>5uUNU
TRIP<>xGdOXKVtYG
TOMATO<>
POST_TIME<>1070805201
&
参加します。

所属は……伺か音楽部ですね。
コースは予定されているやつで。
&&
NO<>63
RES<>57
TITLE<>Re:12/30蔵オフ参加表明キボンヌ。
USER_NAME<>yukiusa
USER_EMAIL<>yukiusa1458@hotmail.com
USER_WEBPAGE<>
USER_ID<>6ZvBc
TRIP<>1hHRWBLVqq
TOMATO<>
POST_TIME<>1070806476
&
参加表明します。
yukiusa / #うにっくす:*.jpです。コースはお任せします。
よろ〜。
&&
NO<>64
RES<>57
TITLE<>コースについて
USER_NAME<>さりなが怪鳥
USER_EMAIL<>bbs@sarinaga.com
USER_WEBPAGE<>www.sarinaga.com
USER_ID<>3z316
TRIP<>wzlZJDZT2q
TOMATO<>
POST_TIME<>1070807099
&
&gt; コースについては、http://www.sarinaga.com/kura/を参照しる。
　まだコースが夏のままだ^^;。
　今度コースがどのように変わったか見ておきます。

　ちなみに、基本的には「牛肉冷しゃぶしゃぶ」コースが鍋コースになります。去年冬〜今年春は以下の通り。

「鍋」コース
　・3,300円−お通し・刺身・焼き物・鳥チャンコ鍋
　・3,800円−お通し・刺身・焼き物・手造りきりたんぽ鍋
　・5,000円−お通し・ふぐ刺し・ふく唐揚げ・ふぐちり鍋・雑炊

　以上よろしくです。
&&
NO<>65
RES<>57
TITLE<>Re:12/30蔵オフ参加表明キボンヌ。
USER_NAME<>伊吹シン
USER_EMAIL<>sinm@kba.att.ne.jp
USER_WEBPAGE<>www.magi-system.info/
USER_ID<>qVm11
TRIP<>PGyO3fVUAE
TOMATO<>
POST_TIME<>1070809253
CORRECT_TIME<>1070980371
&
 |・）ノシ

参加希望と言うことで。よろしく〜
所属は…何かＭＬかな。
私は鳥大好きなので、鳥串コースでOKです。楽しみにしてます。
&&
NO<>66
RES<>57
TITLE<>Re:12/30蔵オフ参加表明キボンヌ。
USER_NAME<>ほえ
USER_EMAIL<>
USER_WEBPAGE<>
USER_ID<>h7n05
TOMATO<>
POST_TIME<>1071499048
&
Nanika-ML族のほえです。
締め切りぎりぎりとなりましたが、参加表明いたします。
なお、コースですが、お任せします〜。

ではよろしくお願いします。
&&
NO<>67
RES<>58
TITLE<>Re:12/30蔵オフ参加表明キボンヌ。
USER_NAME<>望月高雄
USER_EMAIL<>
USER_WEBPAGE<>www.nekomimi.ne.jp/totoko/
USER_ID<>Rb7mh
TOMATO<>
POST_TIME<>1071499836
CORRECT_TIME<>1071499918
&
&gt; 参加表明します。
所属は、何か。MLでよろしくです。
&&
NO<>68
RES<>57
TITLE<>Re:12/30蔵オフ参加表明キボンヌ。
USER_NAME<>千葉幸司
USER_EMAIL<>chiba@m6.oeople.or.jp
USER_WEBPAGE<>www.emel.jp/
USER_ID<>tcyHO
TOMATO<>
POST_TIME<>1071512879
&
千葉幸司＠蔵太平山愛好会副会長及び何かMLです。

&gt; 12/15　0：00まで参加表明受付中。

参加表明したいんですが、締め切りを27時間以上突破してるので無理ですよねー。っていうか全く気づきませんでした。
&&
NO<>69
RES<>68
TITLE<>Re:12/30蔵オフ参加表明キボンヌ。
USER_NAME<>Takurou_K
USER_EMAIL<>
USER_WEBPAGE<>
USER_ID<>6AGl7
TOMATO<>
POST_TIME<>1071535185
&
&gt; 参加表明したいんですが、締め切りを27時間以上突破してるので無理ですよねー。っていうか全く気づきませんでした。

了承（一秒）
ぎりぎり間に合いました。
&&
NO<>70
RES<>57
TITLE<>予約完了。
USER_NAME<>Takurou Katagiri
USER_EMAIL<>takurou@sayaka.hopto.org
USER_WEBPAGE<>
USER_ID<>03FM8
TRIP<>ClwwyeNkE4
TOMATO<>
POST_TIME<>1071571448
&
12/30　20:00〜
予約名：カタギリ
コース：鳥串3,000円＋飲み放題
人数：11名

以上で予約しました。
人数などの調整は25日夜8時まで可能です。

＞＞＞＞＞＞＞　以下重要　＜＜＜＜＜＜＜＜

蔵大平山は、30日仕入れの都合により追加オーダー不能です。
その為、25日までに注文したいメニューを全て電話で注文しておく必要があります。

今のうちに、頼みたいメニューを全て書き込んで置いてください。

＝＝＝＝＝＝＝＝＝＝＝＝＝＝＝＝＝＝＝＝＝

以上っす。
&&
NO<>71
RES<>57
TITLE<>私は参加ですが
USER_NAME<>yasu
USER_EMAIL<>yasu@REMOVE-THIS-PART.asuka.net
USER_WEBPAGE<>yasu.asuka.net/
USER_ID<>Ag5RL
TOMATO<>
POST_TIME<>1071920363
&
私は参加ですが，今日昼ごろ「もう1人参加するかも」
と言っていた人は不参加です。
ということでよろしくお願いします。
&&
NO<>72
RES<>71
TITLE<>Re:私は参加ですが
USER_NAME<>Takurou Katagiri
USER_EMAIL<>
USER_WEBPAGE<>
USER_ID<>desbG
TRIP<>ClwwyeNkE4
TOMATO<>
POST_TIME<>1071940204
&
&gt; 私は参加ですが，今日昼ごろ「もう1人参加するかも」
&gt; と言っていた人は不参加です。

了解しました。人数を調整しておきます。
&&
NO<>73
RES<>70
TITLE<>Re:予約完了。
USER_NAME<>Takurou Katagiri
USER_EMAIL<>
USER_WEBPAGE<>www.sarinaga.com/kura/menu.txt
USER_ID<>desbG
TRIP<>ClwwyeNkE4
TOMATO<>
POST_TIME<>1071940419
CORRECT_TIME<>1071940538
&
&gt; その為、25日までに注文したいメニューを全て電話で注文しておく必要があります。

さりながさんにお願いして、メニューをチェキしてきて貰いました。
参考にしてください。

http://www.sarinaga.com/kura/menu.txt

ちなみに、個人的に…

チーズベーコン焼き
白子ポン酢
たこぶつ
ねぎとろ
揚げチーズ

…といった感じです。
&&
NO<>74
RES<>73
TITLE<>Re:予約完了。
USER_NAME<>さりなが
USER_EMAIL<>bbs@sarinaga.com
USER_WEBPAGE<>www.sarinaga.com
USER_ID<>BsWG2
TRIP<>wzlZJDZT2q
TOMATO<>
POST_TIME<>1071941179
&
&gt; チーズベーコン焼き
&gt; 白子ポン酢
&gt; たこぶつ
&gt; ねぎとろ
&gt; 揚げチーズ
&gt; 
&gt; …といった感じです。
&gt;
　注文しすぎだ！
&&
NO<>75
RES<>74
TITLE<>Re:予約完了。
USER_NAME<>Takurou Katagiri
USER_EMAIL<>takurou@sayaka.hopto.org
USER_WEBPAGE<>
USER_ID<>desbG
TRIP<>ClwwyeNkE4
TOMATO<>0
POST_TIME<>1071994351
&
&gt; 　注文しすぎだ！

うぐぅ。
# というか、誰も注文しないと何も頼まないという事態に…
&&
NO<>76
TITLE<>待ち合わせについて
USER_NAME<>Takurou Katagiri
USER_EMAIL<>takurou@sayaka.hopto.org
USER_WEBPAGE<>
USER_ID<>uwzbw
TRIP<>ClwwyeNkE4
TOMATO<>0
POST_TIME<>1072449890
CORRECT_TIME<>1072543478
&
片桐＠幹事です。

待ち合わせ場所ですが……

１２／３０（冬コミ３日目の日）　１９：３０
ＪＲ神田駅南口　みどりの窓口前

３０分ほど時間がありますので、各自暇つぶしの萌え物・ネタ物をご用意頂く事をお勧めします。

緊急時連絡先：
卓郎の携帯（知りたい方は要メール）
又は、tel@sayaka.hopto.orgまでご連絡を。

尚、先日の『当日追加注文不能』という件についてですが、
正確には『当日追加注文できる料理・量が限られるので、できれば事前にご連絡ください。』という意とのことでした。
（確認の電話の際に、再度尋ねたところそのような返答でした。）
&&
NO<>77
RES<>76
TITLE<>Re:待ち合わせについて
USER_NAME<>さりなが
USER_EMAIL<>bbs@sarinaga.com
USER_WEBPAGE<>www.sarinaga.com
USER_ID<>bHx0a
TRIP<>wzlZJDZT2q
TOMATO<>0
POST_TIME<>1072483218
CORRECT_TIME<>1072483854
&
&gt; ３０分ほど時間がありますので、各自暇つぶしの萌え物・ネタ物をご用意頂く事をお勧めします。

　第1部は17:00からで、第2部が20:00からですよ。30分の余裕というのがよくわからん。説明求む。

　って、駅前のカラオケに殴り込もうという算段ですか？
&&
NO<>78
RES<>77
TITLE<>Re:待ち合わせについて
USER_NAME<>Takruou_K
USER_EMAIL<>
USER_WEBPAGE<>
USER_ID<>9ciwh
TRIP<>ClwwyeNkE4
TOMATO<>0
POST_TIME<>1072543575
&
&gt; 30分の余裕というのがよくわからん。説明求む。

すみません。１９：３０の間違いでした。
&&
NO<>79
TITLE<>モツカレー
USER_NAME<>yukiusa
USER_EMAIL<>
USER_WEBPAGE<>
USER_ID<>uXVaL
TOMATO<>0
POST_TIME<>1072828769
&
昨日はモツカレー
帰りに池袋で酔った勢いで待ち上げて有楽町線ではなく、丸の内線改札通ってしまった罠（ぉ
また今度機会があったらよろしゅう。
&&
NO<>80
RES<>79
TITLE<>Re:モツカレー
USER_NAME<>さりなが
USER_EMAIL<>bbs@sarinaga.com
USER_WEBPAGE<>www.sarinaga.com
USER_ID<>uN3Ga
TRIP<>wzlZJDZT2q
TOMATO<>0
POST_TIME<>1072874353
&
&gt; 昨日はモツカレー
&gt; 帰りに池袋で酔った勢いで待ち上げて有楽町線ではなく、丸の内線改札通ってしまった罠（ぉ
&gt; また今度機会があったらよろしゅう。

　お疲れ様でした。
　今度は新年会で
&&
NO<>81
TITLE<>もつかれ様
USER_NAME<>shoo
USER_EMAIL<>
USER_WEBPAGE<>
USER_ID<>fCzeo
TOMATO<>0
POST_TIME<>1072963695
&
お疲れ様でした。なかなかイイ感じでした。

ところで二次会カラオケの曲名リストはどこかにageてもらえるのでせうか？＞関係者
&&
NO<>82
TITLE<>2月14日オフ
USER_NAME<>さりなが
USER_EMAIL<>bbs@sarinaga.com
USER_WEBPAGE<>www.sarinaga.com
USER_ID<>D5p80
TRIP<>wzlZJDZT2q
TOMATO<>0
POST_TIME<>1075388861
&
バレンタインデーです。
ここは蔵太平山でやけ酒を飲む人を募集しています。
&&
NO<>83
RES<>82
TITLE<>Re:2月14日オフ
USER_NAME<>望月高雄
USER_EMAIL<>
USER_WEBPAGE<>www.nekomimi.ne.jp/totoko/
USER_ID<>6Wdrt
TOMATO<>0
POST_TIME<>1075389010
&
望月高雄＠何かＭＬです。
参加希望いたします。
&&
NO<>84
RES<>82
TITLE<>Re:2月14日オフ
USER_NAME<>さりなが
USER_EMAIL<>bbs@sarinaga.com
USER_WEBPAGE<>www.sarinaga.com
USER_ID<>IeGUC
TRIP<>wzlZJDZT2q
TOMATO<>0
POST_TIME<>1075477479
&
&gt; バレンタインデーです。
&gt; ここは蔵太平山でやけ酒を飲む人を募集しています。
いや、ここはメイリッシュ吉祥寺店にも逝くべきだ。
&&
NO<>85
TITLE<>コミケ３日目打ち上げオフ参加者第１次募集
USER_NAME<>さりなが
USER_EMAIL<>bbs@sarinaga.com
USER_WEBPAGE<>www.sarinaga.com
USER_ID<>TmXGj
TRIP<>wzlZJDZT2q
TOMATO<>0
POST_TIME<>1088823248
CORRECT_TIME<>1088823270
&
時：2004年8月15日 20:00〜
所：蔵太平山
内容：いうまでもない
コース：鶏コースの予定

締め切り：7月10日
　　　　　これは第１次の参加募集で、その後追加の人員を募集します

参加希望者はこの発言にレスをつけてください。
基本的には会員、準会員の人のみを募集しますが、それ以外の方も興味があればどうぞ。
&&
NO<>86
RES<>85
TITLE<>Re:コミケ３日目打ち上げオフ参加者第１次募集
USER_NAME<>望月高雄
USER_EMAIL<>
USER_WEBPAGE<>www.nekomimi.ne.jp/totoko/
USER_ID<>lKeY8
TOMATO<>0
POST_TIME<>1088854453
&
参加表明します。どうぞよろしくです。
&&
NO<>87
RES<>85
TITLE<>Re:コミケ３日目打ち上げオフ参加者第１次募集
USER_NAME<>千葉幸司
USER_EMAIL<>chiba_k@nifty.com
USER_WEBPAGE<>www.emel.jp/
USER_ID<>qDwiY
TOMATO<>0
POST_TIME<>1088861058
&
当然のように参加表明、ところで：

&gt; 基本的には会員、準会員の人のみを募集しますが、それ以外の方も興味があればどうぞ。

会員はともかく、準会員って？（ｗ
&&
NO<>88
RES<>87
TITLE<>Re:コミケ３日目打ち上げオフ参加者第１次募集
USER_NAME<>さりなが
USER_EMAIL<>bbs@sarinaga.com
USER_WEBPAGE<>www.sarinaga.com
USER_ID<>TmXGj
TRIP<>wzlZJDZT2q
TOMATO<>0
POST_TIME<>1088864093
&
&gt; 会員はともかく、準会員って？（ｗ
ととこさんみたいなひとです（を
&&
NO<>89
RES<>86
TITLE<>Re:コミケ３日目打ち上げオフ参加者第１次募集
USER_NAME<>さりなが
USER_EMAIL<>bbs@sarinaga.com
USER_WEBPAGE<>www.sarinaga.com
USER_ID<>TmXGj
TRIP<>wzlZJDZT2q
TOMATO<>0
POST_TIME<>1088864146
&
&gt; 参加表明します。どうぞよろしくです。
参加表明早いよ(w
&&
NO<>90
RES<>85
TITLE<>Re:コミケ３日目打ち上げオフ参加者第１次募集
USER_NAME<>サトシ＠ＣＮ：Ｍａｒｋ
USER_EMAIL<>shu-saratani@moon.odn.ne.jp
USER_WEBPAGE<>
USER_ID<>GWwRR
TOMATO<>0
POST_TIME<>1089027391
&
第一部（１７時〜２０時）にして
その後、新橋のＭＪ＋Ｃで二次会をしたらどうですか？
そうするのでしたら、考えてもいいです。
&&
NO<>91
RES<>90
TITLE<>Re:コミケ３日目打ち上げオフ参加者第１次募集
USER_NAME<>さりなが
USER_EMAIL<>bbs@sarinaga.com
USER_WEBPAGE<>www.sarinaga.com
USER_ID<>RkIdW
TRIP<>wzlZJDZT2q
TOMATO<>0
POST_TIME<>1089037379
&
&gt; 第一部（１７時〜２０時）にして
&gt; その後、新橋のＭＪ＋Ｃで二次会をしたらどうですか？
&gt; そうするのでしたら、考えてもいいです。

コミケが完全に終了するまで会場に残っている人間（怪鳥含む）がいるので駄目なのです。実に残念なことに。あと、２次会に行ったりする金は残っていないに１票（マテ）。

そういうこともあって17時は意外と競争率が高くないです。20時は、熾烈な予約争いでしょうねぇ。
&&
NO<>92
RES<>91
TITLE<>題名はつけられませんでした
USER_NAME<>サトシ＠ＣＮ：Ｍａｒｋ
USER_EMAIL<>shu-saratani@moon.odn.ne.jp
USER_WEBPAGE<>
USER_ID<>IuDge
TOMATO<>0
POST_TIME<>1089069070
&
&gt; コミケが完全に終了するまで会場に残っている人間（怪鳥含む）がいるので駄目なのです。実に残念なことに。あと、２次会に行ったりする金は残っていないに１票（マテ）。
それは残念です。次の機会で第一部での一次会と
ＭＪ＋Ｃでの二次会を考えてほしいです。
&gt; 
&gt; そういうこともあって17時は意外と競争率が高くないです。20時は、熾烈な予約争いでしょうねぇ。
それなら、私は友人などを誘って第一部と帰りにＭＪ＋Ｃに行きます

最後に宴会予約の際、店員の女の子の１〜２人にチャイナドレスを着てほしいとたのんでほしいです。
合わせしたいのです。
&&
NO<>93
RES<>85
TITLE<>Re:コミケ３日目打ち上げオフ参加者第１次募集
USER_NAME<>さりなが
USER_EMAIL<>bbs@sarinaga.com
USER_WEBPAGE<>www.sarinaga.com
USER_ID<>65aue
TRIP<>wzlZJDZT2q
TOMATO<>0
POST_TIME<>1089728944
&
参加表明は以下のようになりました。
[注：10日の飲み会で表明した人含む]

・怪鳥
・ととこたん
・CHIBAさん
・ばるばるさん
・nachiさん

これより第２次募集開始です。
&&
NO<>94
RES<>85
TITLE<>コミケ３日目打ち上げオフ参加者　第２次募集
USER_NAME<>さりなが
USER_EMAIL<>bbs@sarinaga.com
USER_WEBPAGE<>www.sarinaga.com
USER_ID<>65aue
TRIP<>wzlZJDZT2q
TOMATO<>0
POST_TIME<>1089729120
&
２次募集は先着３名まで募集します。
２次募集までに応募された方は絶対に蔵で飲むことができます。

ここからは自由募集ですのでどなたでもどうぞ。
先着３名を超えた分は３次募集に回ります。
３次募集は締め切り７月末日ですのでよろしく〜〜。
&&
NO<>95
RES<>94
TITLE<>Re:コミケ３日目打ち上げオフ参加者　第２次募集
USER_NAME<>yukiusa
USER_EMAIL<>yukiusa1458@hotmail.com
USER_WEBPAGE<>
TRIP<>70Qs9sgMdd
TOMATO<>0
POST_TIME<>1089911042
&
こんばんは。前回冬コミOFFに参加させていただいた#うにっくす:*.jpのyukiusaです。
今回も是非参加したいのでよろしくお願いいたします。
&&
NO<>96
RES<>94
TITLE<>Re:コミケ３日目打ち上げオフ参加者　第２次募集
USER_NAME<>秋桜
USER_EMAIL<>ayu_0107_nayuki@hotmail.com
USER_WEBPAGE<>
TOMATO<>0
POST_TIME<>1089911531
&
管理人様並びにメンバーの皆様はじめまして
yukiusaさんからの紹介で今回のオフを知りまして自由募集という事で申し込んでみました。
皆様よろしくお願いいたします。
&&
NO<>97
RES<>95
TITLE<>Re:コミケ３日目打ち上げオフ参加者　第２次募集
USER_NAME<>さりなが
USER_EMAIL<>bbs@sarinaga.com
USER_WEBPAGE<>www.sarinaga.com
TRIP<>wzlZJDZT2q
TOMATO<>0
POST_TIME<>1089976194
&
&gt; こんばんは。前回冬コミOFFに参加させていただいた#うにっくす:*.jpのyukiusaです。
&gt; 今回も是非参加したいのでよろしくお願いいたします。

ご表明ありがとうございます。
今回もよろしくお願いいたします。
&&
NO<>98
RES<>96
TITLE<>Re:コミケ３日目打ち上げオフ参加者　第２次募集
USER_NAME<>さりなが
USER_EMAIL<>bbs@sarinaga.com
USER_WEBPAGE<>www.sarinaga.com
TRIP<>wzlZJDZT2q
TOMATO<>0
POST_TIME<>1089976440
&
&gt; 管理人様並びにメンバーの皆様はじめまして
&gt; yukiusaさんからの紹介で今回のオフを知りまして自由募集という事で申し込んでみました。
&gt; 皆様よろしくお願いいたします。

はじめまして。蔵太平山愛好会怪鳥のさりながです。
ご表明ありがとうございます。

当日は、楽しく過ごしましょう:-)。
&&
NO<>99
RES<>94
TITLE<>Re:コミケ３日目打ち上げオフ参加者　第２次募集
USER_NAME<>ほえ＠大阪府吹田市
USER_EMAIL<>
USER_WEBPAGE<>
USER_ID<>hEm8C
TOMATO<>0
POST_TIME<>1090595572
&
大阪のほえでございます。
今年もどうにか参加できそうです。
どうぞよろしくお願いします〜
&&
NO<>100
RES<>94
TITLE<>7/23現在の参加表明者
USER_NAME<>さりなが
USER_EMAIL<>bbs@sarinaga.com
USER_WEBPAGE<>www.sarinaga.com
USER_ID<>hqydq
TRIP<>wzlZJDZT2q
TOMATO<>0
POST_TIME<>1090595669
&
えーと、ばるばるさんは私の勘定間違いでした。

現在までの表明者（７人）
・怪鳥
・ととこたん
・CHIBAさん
・nachiさん
・yukiusa@うにっくす さん
・秋桜@うにっくす さん
・ほえさん

取り急ぎ報告です〜。
&&
NO<>101
RES<>100
TITLE<>Re:7/23現在の参加表明者
USER_NAME<>Takurou_K
USER_EMAIL<>
USER_WEBPAGE<>
USER_ID<>s9t35
TOMATO<>0
POST_TIME<>1090595756
&
|・)ノ 漏れも逝くニダ
&&
NO<>102
RES<>101
TITLE<>Re:7/23現在の参加表明者
USER_NAME<>さりなが
USER_EMAIL<>bbs@sarinaga.com
USER_WEBPAGE<>www.sarinaga.com
USER_ID<>hqydq
TRIP<>wzlZJDZT2q
TOMATO<>0
POST_TIME<>1090659122
&
&gt; |・)ノ 漏れも逝くニダ
了解したニダ
&&
NO<>103
RES<>94
TITLE<>第３次募集　コミケ３日目打ち上げオフ参加者
USER_NAME<>さりなが
USER_EMAIL<>bbs@sarinaga.com
USER_WEBPAGE<>www.sarinaga.com
USER_ID<>hqydq
TRIP<>wzlZJDZT2q
TOMATO<>0
POST_TIME<>1090659512
&
||||||||||||| ３次募集は締め切りが7月30日です ||||||||||||

皆さん参加表明ありがとうございます。
８人枠が全部埋まりました。

８人分はすでに席を確保しているので参加表明者は全員飲みに行くことができます:-)。

ここからは３次募集ですが、ここから先参加表明をなされても運が悪いと席が確保できないというかわいそうな事態もありえます。なので、これから表明なさる方はそのことを覚悟の上でお願いいたします。

締め切りは30日までとさせていただきます。
振るってのご参加、お待ちしております。
&&
NO<>104
RES<>103
TITLE<>Re:第３次募集　コミケ３日目打ち上げオフ参加者
USER_NAME<>Takurou_K
USER_EMAIL<>
USER_WEBPAGE<>
USER_ID<>MZABV
TOMATO<>0
POST_TIME<>1090775202
&
えと、遅くなって申し訳ないんですが、おいらの友人が一人参加したいとのことです。
&&
NO<>105
RES<>104
TITLE<>Re:第３次募集　コミケ３日目打ち上げオフ参加者
USER_NAME<>さりなが
USER_EMAIL<>bbs@sarinaga.com
USER_WEBPAGE<>www.sarinaga.com
USER_ID<>oMGuP
TRIP<>wzlZJDZT2q
TOMATO<>0
POST_TIME<>1091114512
&
&gt; えと、遅くなって申し訳ないんですが、おいらの友人が一人参加したいとのことです。
　受付〜。了解〜
　でも、人数が増やせるかどうかは不明。
&&
NO<>106
RES<>105
TITLE<>Re:第３次募集　コミケ３日目打ち上げオフ参加者
USER_NAME<>さりなが
USER_EMAIL<>bbs@sarinaga.com
USER_WEBPAGE<>www.sarinaga.com
USER_ID<>oMGuP
TRIP<>wzlZJDZT2q
TOMATO<>0
POST_TIME<>1091193759
&
&gt; &gt; えと、遅くなって申し訳ないんですが、おいらの友人が一人参加したいとのことです。
&gt; 　受付〜。了解〜
&gt; 　でも、人数が増やせるかどうかは不明。
　とか思っていたら人が１人減ったので特に問題なし（苦笑）
&&
NO<>107
RES<>103
TITLE<>コミケオフ参加者募集終了
USER_NAME<>さりなが
USER_EMAIL<>bbs2@sarinaga.com
USER_WEBPAGE<>www.sarinaga.com
USER_ID<>e9qMO
TRIP<>wzlZJDZT2q
TOMATO<>0
POST_TIME<>1091369826
&
募集は締め切りました。
１５日８時に８人2,625円鳥串コ−スで確保しています。

連絡メールはこちらにお願いします。

tel @ sarinaga.com  [spamロボットに収集されないように空白を開けています。ご注意ください]

直接電話番号が欲しい方はその旨を上記メールアドレスに書いてから送ってください。

集合場所は7時45分南口みどりの窓口です。

よく分からないことがあったら、上記メールアドレスかIRC#蔵太平山:*.jpでお願いします。


以上です〜。当日は楽しく飲みましょう。
&&
NO<>108
RES<>103
TITLE<>いよいよ明日です。
USER_NAME<>さりなが
USER_EMAIL<>
USER_WEBPAGE<>
USER_ID<>Nf6T8
TRIP<>wzlZJDZT2q
TOMATO<>0
POST_TIME<>1092490207
&
はい。もう明日ですね。
明日の連絡方法などは&gt;&gt;107を参照してください。

では、当日は楽しく行きましょう！
&&
NO<>109
RES<>108
TITLE<>Re:いよいよ明日です。
USER_NAME<>yukiusa
USER_EMAIL<>
USER_WEBPAGE<>
USER_ID<>4BLUg
TOMATO<>0
POST_TIME<>1092583156
&
もつかれー。たのしかったですよん。
&&
NO<>110
RES<>85
TITLE<>コミケ３日目打ち上げオフ終了
USER_NAME<>さりなが
USER_EMAIL<>bbs2@sarinaga.com
USER_WEBPAGE<>www.sarinaga.com
USER_ID<>WNPTd
TRIP<>wzlZJDZT2q
TOMATO<>0
POST_TIME<>1092922764
&
皆様お疲れ様でした。
飛び込みが一人はいりましたけど、何とかなってしまいましたね。

冬ももちろんオフやりますよ。にやにや。
もうすでに冬コミオフの参加者募集なんですよ、にやにや。

写真は後ほど公開します〜。
&&
NO<>111
TITLE<>おねてぃ＆おねツイ巡礼の旅
USER_NAME<>さりなが
USER_EMAIL<>bbs2@sarinaga.com
USER_WEBPAGE<>www.sarinaga.com
USER_ID<>OTkQ6
TRIP<>wzlZJDZT2q
TOMATO<>0
POST_TIME<>1095081762
&
10月8日(金)ムーンライト信州81号新宿発2354
信濃大町着510
白馬着536
他未定（藁
現地で宿泊するかも未定

ちなみに、宿泊するのならおまけで黒部ダムに入ってみようかとは思う
&&
NO<>112
TITLE<>3連休だよ蔵オフ
USER_NAME<>さりなが
USER_EMAIL<>bbs2@sarinaga.com
USER_WEBPAGE<>www.sarinaga.com
USER_ID<>fWCWO
TRIP<>wzlZJDZT2q
TOMATO<>0
POST_TIME<>1095335952
&
9/19(日)8時〜
特に予定決めてないです
&&
NO<>113
RES<>112
TITLE<>Re:3連休だよ蔵オフ
USER_NAME<>千葉幸司
USER_EMAIL<>chiba_k@nifty.com
USER_WEBPAGE<>www.emel.jp/
USER_ID<>MyhEU
TOMATO<>0
POST_TIME<>1095336182
&
&gt; 9/19(日)8時〜
&gt; 特に予定決めてないです

まあいつも通りまったりやる方向で（ｗ
&&
NO<>114
TITLE<>３連休
USER_NAME<>サトシ＠Ｍａｒｋ
USER_EMAIL<>shu-saratani@moon.odn.ne.jp
USER_WEBPAGE<>www2.odn.ne.jp/cosjourney
USER_ID<>ykmPe
TOMATO<>0
POST_TIME<>1095652792
&
今月の他に１０月９〜１１日も連休があるので
１７時〜２０時に蔵で一次会、その後新橋のＭＪ＋Ｃで二次会を
したらどうですか？
私も夏コミ最終日は帰りにＭＪ＋Ｃに行くべく
１７時の部を利用しました。
冬コミ最終日にコスプレでの特別営業があるのでしたら、
私の友人を連れて（連れて来れたら）オフ会に
合流も考えたいです。
&&
NO<>115
RES<>114
TITLE<>Re:３連休
USER_NAME<>さりなが
USER_EMAIL<>bbs2@sarinaga.com
USER_WEBPAGE<>www.sarinaga.com
USER_ID<>iU00G
TRIP<>wzlZJDZT2q
TOMATO<>0
POST_TIME<>1096470136
&
&gt; 今月の他に１０月９〜１１日も連休があるので
&gt; １７時〜２０時に蔵で一次会、その後新橋のＭＪ＋Ｃで二次会を
&gt; したらどうですか？
111発言をご覧ください
&&
NO<>116
RES<>111
TITLE<>Re:おねてぃ＆おねツイ巡礼の旅
USER_NAME<>さりなが
USER_EMAIL<>bbs2@sarinaga.com
USER_WEBPAGE<>www.sarinaga.com
USER_ID<>iU00G
TRIP<>wzlZJDZT2q
TOMATO<>0
POST_TIME<>1096472230
CORRECT_TIME<>1096472425
&
とりあえず宿泊決定ということで（笑）。ホテル等はまだ未定。
鉄道の日記念切符は2枚6回分で購入しておきます。

レンタカーは、信濃大町1400→松本1800(翌日)の乗り捨てでSクラスの保険付が13,120円と出た。妥当だと思うのでこれで逝くつもり。

※10月8,9日(金,土)の行路について
2354 新宿
　　　↓ ムーンライト信州81号 
　　　↓(指定席券510円および立川までの運賃450円が必要)
510  信濃大町

※10月9日(土)の予定について

到着時間510だとレンタカーは空いていないので信濃大町で待ちぼうけと言うことはなくて、行き先を室堂に向ける。始発バスが535にあり、室堂到着は825。アルペンルートでどのくらい遊ぶかは裁量次第か？

室堂と信濃大町の往復は「一人頭10,900円」で鉄道の日記念切符より高かったりするんですが......。ちなみに、レンタカーで扇沢まで出られたとしても、駐車場料金とレンタカーの料金で大差ないようだ。

1400に信濃大町に戻るのはきついだろうなぁ(室堂1115発)。1500に信濃大町に逝くのは室堂1215発で楽。しかし、おねてぃ巡回にそれなりにしわ寄せが出るのは間違いない。

先にチェックインして車でいろいろ回るのはジョーシキと言うことで（特に1500に信濃大町に戻った場合）。

※10月10日(日)の予定
各所観光。しかし、松本に1800には戻っていないと......
いつまで木崎湖周辺までいられることか......
朝9時頃に車を出すのであればそれなりに回れるはず。

※10月10日(日)の帰路について
1730 松本駅レンタカー返却
---- 松本 
1838　↓ 448M
2026 甲府
2030　↓ 特急かいじ124号3024M
　　　↓　1,830円 （運賃820円 特急料金1,010円）
2104 大月
2124　↓ 2246M(2246T)
2310 新宿

翌日休みなのでこれで問題ないでしょう。すべてが鈍行でないのは、ぎりぎりまで松本に残って2300頃に新宿に行くにはワープしかないという苦渋の選択なのだ。

意見があったら、表明よろ。
&&
NO<>117
RES<>116
TITLE<>Re:おねてぃ＆おねツイ巡礼の旅
USER_NAME<>さりなが
USER_EMAIL<>bbs2@sarinaga.com
USER_WEBPAGE<>www.sarinaga.com
USER_ID<>iU00G
TRIP<>wzlZJDZT2q
TOMATO<>0
POST_TIME<>1096472699
&
運賃算出した。
交通費の総額が58860円でこれを今のところはCHIBAさんと私だけの参加なので一人頭29430円。宿泊費を7000円と考えるとまあ、今回の旅は40000円は軽く吹き飛ぶわけです。

旅行趣味も大変です（笑）。
余った鉄道の日記念切符(多分2回分が余る)を売っぱらおうかしらん。
&&
NO<>118
RES<>116
TITLE<>Re:おねてぃ＆おねツイ巡礼の旅 その2
USER_NAME<>さりなが
USER_EMAIL<>bbs2@sarinaga.com
USER_WEBPAGE<>www.sarinaga.com
USER_ID<>iU00G
TRIP<>wzlZJDZT2q
TOMATO<>0
POST_TIME<>1096544659
&
まず、今回の宿はここ。2人分で撮っていて朝食付一人6000円。
白馬の小舎 山木館
http://www.h2.dion.ne.jp/~o-ra-ho/

これ以上遅れると宿の予約がままならない（3連休だしね）ので、後から参加したい人は宿については勝手に何とかしてください（をぃ）。

&gt; 鉄道の日記念切符は2枚6回分で購入しておきます。
　よくよく考えると、CHIBAさんは運賃半額じゃないですか(100km超)。　なので、鉄道の日記念切符は1枚だけ買います。それに加えて、明日には特急かいじ124号3024Mの切符乗車券1枚と特急券2枚買ってしまいます。

　そういうこともあって、旅行当日CHIBAさんは手帳忘れないでね:-)。

　他の部分はまだ変更はないです。
　レンタカーの予約は土曜日にしてしまう予定だ。
&&
NO<>119
RES<>118
TITLE<>Re:おねてぃ＆おねツイ巡礼の旅 その2
USER_NAME<>さりなが
USER_EMAIL<>bbs2@sarinaga.com
USER_WEBPAGE<>www.sarinaga.com
USER_ID<>9v8MA
TRIP<>wzlZJDZT2q
TOMATO<>0
POST_TIME<>1096560057
&
えーと、IRCで打ち合わせしたとおりの手はずで＞CHIBAさ
（面倒くさくなってきたのでかくのやんぺ）。
&&
NO<>120
RES<>111
TITLE<>おねてぃ＆おねツイ巡礼の旅 その3
USER_NAME<>さりなが
USER_EMAIL<>bbs2@sarinaga.com
USER_WEBPAGE<>www.sarinaga.com
USER_ID<>WP4kb
TRIP<>wzlZJDZT2q
TOMATO<>0
POST_TIME<>1096809648
&
レソタカー予約した
&&
NO<>121
RES<>111
TITLE<>おねてぃ＆おねツイ巡礼の旅 その4
USER_NAME<>さりなが
USER_EMAIL<>bbs2@sarinaga.com
USER_WEBPAGE<>www.sarinaga.com
USER_ID<>BL6mg
TRIP<>wzlZJDZT2q
TOMATO<>0
POST_TIME<>1097164012
&
何で台風に祟られるのか。
う〜ん、とりあえず22:00に新宿東口みどりの窓口（地下）に来るように。ただし、ムーンライト信州が止まったときはどうしませう。
一応、予報では今日の出発に影響はないと思われるのだが。。。。。
&&
NO<>122
RES<>111
TITLE<>おねてぃ＆おねツイ巡礼の旅 その5
USER_NAME<>さりなが
USER_EMAIL<>bbs2@sarinaga.com
USER_WEBPAGE<>www.sarinaga.com
USER_ID<>BL6mg
TRIP<>wzlZJDZT2q
TOMATO<>0
POST_TIME<>1097232723
&
台風で黒部が絶望的なのでプランを変更。今日の出発は中止で。
以下のプランから選ぶ。

めんどくさい派(完全特急)
新宿      900 発 特急あずさ9号 59M
松本     1156 着
         1304 発 4229M
信濃大町 1359 着


特急料金払いたくない派
上諏訪温泉駅 足湯に入れる特権付
新宿      658 発
高尾      759 着
          801 発 527M
甲府      947 着
          949 発 433M
上諏訪   1107 着
         1212 発 435M
松本     1250 着
         1304 発 4229M
信濃大町 1359 着


上記折衷案
新宿      800 発 スーパーあずさ5号 5M
甲府      929 着
          949 発 433M
上諏訪   1107 着
         1212 発 435M
松本     1250 着
         1304 発 4229M
信濃大町 1359 着


と、言うわけで選択よろ。早めに答えてくれれば、特急券買いに行くよ。
&&
NO<>123
TITLE<>おみやげ品披露オフ
USER_NAME<>さりなが
USER_EMAIL<>bbs2@sarinaga.com
USER_WEBPAGE<>www.sarinaga.com
USER_ID<>BZdDq
TRIP<>wzlZJDZT2q
TOMATO<>0
POST_TIME<>1097504264
&
場所は蔵太平山
16日に開催
以上
&&
NO<>124
TITLE<>グリーソ車に乗って温泉とメイドオフ
USER_NAME<>さりなが
USER_EMAIL<>bbs2@sarinaga.com
USER_WEBPAGE<>www.sarinaga.com
USER_ID<>uN9Ib
TRIP<>wzlZJDZT2q
TOMATO<>0
POST_TIME<>1097586591
&
日　:10月23日(土)
場所:栃木県小山市i-maid http://www.i-maid.net/

やること:勇者メニューを頼む
　　　　 小山遊園地の温泉に入る
　　　　 間中橋で黙祷（違）

集合　　:上野0842発前橋行きの電車に間に合うこと
　　　　 赤羽0856発小金井行きの電車に間に合うこと

他の予定は未定
&&
NO<>125
RES<>111
TITLE<>旅の終わり
USER_NAME<>さりなが
USER_EMAIL<>bbs2@sarinaga.com
USER_WEBPAGE<>www.sarinaga.com
USER_ID<>uN9Ib
TRIP<>wzlZJDZT2q
TOMATO<>0
POST_TIME<>1097586778
&
疲れたニダよ。
台風に祟られたニダよ。
&&
NO<>126
RES<>124
TITLE<>Re:グリーソ車に乗って温泉とメイドオフ
USER_NAME<>さりなが怪鳥
USER_EMAIL<>bbs2@sarinaga.com
USER_WEBPAGE<>www.sarinaga.com
USER_ID<>NABm1
TRIP<>wzlZJDZT2q
TOMATO<>0
POST_TIME<>1098971230
&
30日に決行するが、多分私一人だけの旅になる予感^^;
&&
NO<>127
TITLE<>12月30日忘年会兼コミケ打ち上げ蔵オフ
USER_NAME<>さりなが怪鳥
USER_EMAIL<>bbs2@sarinaga.com
USER_WEBPAGE<>www.sarinaga.com
USER_ID<>NABm1
TRIP<>wzlZJDZT2q
TOMATO<>0
POST_TIME<>1098971300
&
30日20:00から
気が早いけど、とにかく立てておく。
&&
NO<>128
RES<>127
TITLE<>Re:12月30日忘年会兼コミケ打ち上げ蔵オフ
USER_NAME<>さりなが
USER_EMAIL<>
USER_WEBPAGE<>
USER_ID<>OmvT0
TRIP<>wzlZJDZT2q
TOMATO<>0
POST_TIME<>1100094688
&
&gt; 30日20:00から
&gt; 気が早いけど、とにかく立てておく。
　私と卓郎さんは参加予定。
　CHIBAさんも参加予定だろう、多分。
&&
