THREAD_TITLE<>各種試験用スレッド
POST<>44
AGE_TIME<>1098285431
&&
NO<>0
TITLE<>掲示板各種試験用スレッドです
USER_NAME<>さゆりん先生
USER_EMAIL<>
USER_WEBPAGE<>
USER_ID<>o1aIo
TRIP<>7ssX0oabjT
TOMATO<>
POST_TIME<>1067651859
&
雑談スレで行っていた試験はすべてこっちに移動してください。
&&
NO<>1
RES<>0
TITLE<>Re:掲示板各種試験用スレッドです
USER_NAME<>会長
USER_EMAIL<>bbs@sarinaga.com
USER_WEBPAGE<>www.sarinaga.com
USER_ID<>yw7rF
TRIP<>3KiDbbVn1e
TOMATO<>
POST_TIME<>1068825781
&
email表示とwebpage表示ができていないような気がする^^;。
何でだ^^;
&&
NO<>2
RES<>1
TITLE<>Re:掲示板各種試験用スレッドです
USER_NAME<>さゆりん先生
USER_EMAIL<>bbs@sarinaga.com
USER_WEBPAGE<>www.sarinaga.com
USER_ID<>iX1vx
TRIP<>3KiDbbVn1e
TOMATO<>
POST_TIME<>1068993969
CORRECT_TIME<>1068993987
&
&gt;&nbsp;email表示とwebpage表示ができていないような気がする^^;。
&gt;&nbsp;何でだ^^;
　う〜ん、訂正プログラムはできたけど、やると確実に既存の投稿に影響が出るな。困ったものだ。
&&
NO<>3
RES<>2
TITLE<>Re:掲示板各種試験用スレッドです
USER_NAME<>裕白山
USER_EMAIL<>
USER_WEBPAGE<>
USER_ID<>bDKmu
TRIP<>wzlZJDZT2q
TOMATO<>
POST_TIME<>1069657572
&
&gt; &gt;&amp;nbsp;email表示とwebpage表示ができていないような気がする^^;。
&gt; &gt;&amp;nbsp;何でだ^^;
&gt; 　う〜ん、訂正プログラムはできたけど、やると確実に既存の投稿に影響が出るな。困ったものだ。
　さて、掲示板のシステム切り替えられたかな？
&&
NO<>4
RES<>3
TITLE<>Re:掲示板各種試験用スレッドです
USER_NAME<>裕白山
USER_EMAIL<>sayurin@sarinaga.com
USER_WEBPAGE<>www.sarinaga.com
USER_ID<>bDKmu
TRIP<>wzlZJDZT2q
TOMATO<>
POST_TIME<>1069657678
&
&gt; &gt; &gt;&amp;nbsp;email表示とwebpage表示ができていないような気がする^^;。
&gt; &gt; &gt;&amp;nbsp;何でだ^^;
&gt; &gt; 　う〜ん、訂正プログラムはできたけど、やると確実に既存の投稿に影響が出るな。困ったものだ。
&gt; 　さて、掲示板のシステム切り替えられたかな？
&&
NO<>5
RES<>4
TITLE<>Re:掲示板各種試験用スレッドです
USER_NAME<>さゆりん先生
USER_EMAIL<>sayurin@sarinaga.com
USER_WEBPAGE<>www.sarinaga.com
USER_ID<>bDKmu
TRIP<>wzlZJDZT2q
TOMATO<>
POST_TIME<>1069657973
&
&gt; &gt; &gt; &gt;&amp;nbsp;email表示とwebpage表示ができていないような気がする^^;。
&gt; &gt; &gt; &gt;&amp;nbsp;何でだ^^;
&gt; &gt; &gt; 　う〜ん、訂正プログラムはできたけど、やると確実に既存の投稿に影響が出るな。困ったものだ。
&gt; &gt; 　さて、掲示板のシステム切り替えられたかな？
&&
NO<>6
RES<>5
TITLE<>Re:掲示板各種試験用スレッドです
USER_NAME<>さゆりん先生
USER_EMAIL<>sayurin@sarinaga.com
USER_WEBPAGE<>www.sarinaga.com
USER_ID<>bDKmu
TRIP<>wzlZJDZT2q
TOMATO<>
POST_TIME<>1069658380
&
&gt; &gt; &gt; &gt; &gt;&amp;nbsp;email表示とwebpage表示ができていないような気がする^^;。
&gt; &gt; &gt; &gt; &gt;&amp;nbsp;何でだ^^;
&gt; &gt; &gt; &gt; 　う〜ん、訂正プログラムはできたけど、やると確実に既存の投稿に影響が出るな。困ったものだ。
&gt; &gt; &gt; 　さて、掲示板のシステム切り替えられたかな？
&&
NO<>7
RES<>6
TITLE<>Re:掲示板各種試験用スレッドです
USER_NAME<>さりなが
USER_EMAIL<>bbs@sarinaga.com
USER_WEBPAGE<>www.sarinaga.com
USER_ID<>oA2gj
TRIP<>wzlZJDZT2q
TOMATO<>
POST_TIME<>1071842860
&
&gt; &gt; &gt; &gt; &gt; &gt; email表示とwebpage表示ができていないような気がする^^;。
&gt; &gt; &gt; &gt; &gt; &gt; 何でだ^^;
&gt; &gt; &gt; &gt; &gt; 　う〜ん、訂正プログラムはできたけど、やると確実に既存の投稿に影響が出るな。困ったものだ。
&gt; &gt; &gt; &gt; 　さて、掲示板のシステム切り替えられたかな？
&&
NO<>8
RES<>0
TITLE<>Re:掲示板各種試験用スレッドです
USER_NAME<>さりなが
USER_EMAIL<>bbs@sarinaga.com
USER_WEBPAGE<>www.sarinaga.com
USER_ID<>BsWG2
TRIP<>wzlZJDZT2q
TOMATO<>0
POST_TIME<>1071975458
&
&gt; 雑談スレで行っていた試験はすべてこっちに移動してください。
　おかしいなぁ、確かに私はquotes:none;にしたんですがねぇ
&&
NO<>9
RES<>0
TITLE<>Re:掲示板各種試験用スレッドです
USER_NAME<>さりなが
USER_EMAIL<>bbs@sarinaga.com
USER_WEBPAGE<>www.sarinaga.com
USER_ID<>tEBvS
TRIP<>wzlZJDZT2q
TOMATO<>0
POST_TIME<>1072444935
&
書き込み確認
&&
NO<>10
RES<>9
TITLE<>Re:掲示板各種試験用スレッドです
USER_NAME<>さりなが
USER_EMAIL<>author2@sarinaga.com
USER_WEBPAGE<>
USER_ID<>kndI6
TRIP<>wzlZJDZT2q
TOMATO<>0
POST_TIME<>1080823129
&
&gt; 書き込み確認
&&
NO<>11
RES<>7
TITLE<>Re:掲示板各種試験用スレッドです
USER_NAME<>さりなが
USER_EMAIL<>bbs@sarinaga.com
USER_WEBPAGE<>www.sarinaga.com
USER_ID<>acRZj
TRIP<>wzlZJDZT2q
TOMATO<>0
POST_TIME<>1088092263
&
&gt; &gt; &gt; &gt; &gt; &gt; &gt; email表示とwebpage表示ができていないような気がする^^;。
&gt; &gt; &gt; &gt; &gt; &gt; &gt; 何でだ^^;
&gt; &gt; &gt; &gt; &gt; &gt; 　う〜ん、訂正プログラムはできたけど、やると確実に既存の投稿に影響が出るな。困ったものだ。
&gt; &gt; &gt; &gt; &gt; 　さて、掲示板のシステム切り替えられたかな？
&&
NO<>12
RES<>11
TITLE<>Re:掲示板各種試験用スレッドです
USER_NAME<>さりなが
USER_EMAIL<>bbs@sarinaga.com
USER_WEBPAGE<>www.sarinaga.com
USER_ID<>acRZj
TRIP<>wzlZJDZT2q
TOMATO<>0
POST_TIME<>1088092274
&
&gt; &gt; &gt; &gt; &gt; &gt; &gt; &gt; email表示とwebpage表示ができていないような気がする^^;。
&gt; &gt; &gt; &gt; &gt; &gt; &gt; &gt; 何でだ^^;
&gt; &gt; &gt; &gt; &gt; &gt; &gt; 　う〜ん、訂正プログラムはできたけど、やると確実に既存の投稿に影響が出るな。困ったものだ。
&gt; &gt; &gt; &gt; &gt; &gt; 　さて、掲示板のシステム切り替えられたかな？
&&
NO<>13
RES<>12
TITLE<>Re:掲示板各種試験用スレッドです
USER_NAME<>さりなが
USER_EMAIL<>bbs@sarinaga.com
USER_WEBPAGE<>www.sarinaga.com
USER_ID<>acRZj
TRIP<>wzlZJDZT2q
TOMATO<>0
POST_TIME<>1088092285
&
&gt; &gt; &gt; &gt; &gt; &gt; &gt; &gt; &gt; email表示とwebpage表示ができていないような気がする^^;。
&gt; &gt; &gt; &gt; &gt; &gt; &gt; &gt; &gt; 何でだ^^;
&gt; &gt; &gt; &gt; &gt; &gt; &gt; &gt; 　う〜ん、訂正プログラムはできたけど、やると確実に既存の投稿に影響が出るな。困ったものだ。
&gt; &gt; &gt; &gt; &gt; &gt; &gt; 　さて、掲示板のシステム切り替えられたかな？
&&
NO<>14
RES<>8
TITLE<>Re:掲示板各種試験用スレッドです
USER_NAME<>さりなが
USER_EMAIL<>bbs@sarinaga.com
USER_WEBPAGE<>www.sarinaga.com
USER_ID<>acRZj
TRIP<>wzlZJDZT2q
TOMATO<>0
POST_TIME<>1088092297
&
&gt; &gt; 雑談スレで行っていた試験はすべてこっちに移動してください。
&gt; 　おかしいなぁ、確かに私はquotes:none;にしたんですがねぇ
&&
NO<>15
RES<>13
TITLE<>Re:掲示板各種試験用スレッドです
USER_NAME<>さりなが
USER_EMAIL<>bbs@sarinaga.com
USER_WEBPAGE<>www.sarinaga.com
USER_ID<>acRZj
TRIP<>wzlZJDZT2q
TOMATO<>0
POST_TIME<>1088092311
&
&gt; &gt; &gt; &gt; &gt; &gt; &gt; &gt; &gt; &gt; email表示とwebpage表示ができていないような気がする^^;。
&gt; &gt; &gt; &gt; &gt; &gt; &gt; &gt; &gt; &gt; 何でだ^^;
&gt; &gt; &gt; &gt; &gt; &gt; &gt; &gt; &gt; 　う〜ん、訂正プログラムはできたけど、やると確実に既存の投稿に影響が出るな。困ったものだ。
&gt; &gt; &gt; &gt; &gt; &gt; &gt; &gt; 　さて、掲示板のシステム切り替えられたかな？
&&
NO<>16
RES<>15
TITLE<>Re:掲示板各種試験用スレッドです
USER_NAME<>さりなが
USER_EMAIL<>bbs@sarinaga.com
USER_WEBPAGE<>www.sarinaga.com
USER_ID<>acRZj
TRIP<>wzlZJDZT2q
TOMATO<>0
POST_TIME<>1088092328
&
&gt; &gt; &gt; &gt; &gt; &gt; &gt; &gt; &gt; &gt; &gt; email表示とwebpage表示ができていないような気がする^^;。
&gt; &gt; &gt; &gt; &gt; &gt; &gt; &gt; &gt; &gt; &gt; 何でだ^^;
&gt; &gt; &gt; &gt; &gt; &gt; &gt; &gt; &gt; &gt; 　う〜ん、訂正プログラムはできたけど、やると確実に既存の投稿に影響が出るな。困ったものだ。
&gt; &gt; &gt; &gt; &gt; &gt; &gt; &gt; &gt; 　さて、掲示板のシステム切り替えられたかな？
&&
NO<>17
RES<>16
TITLE<>Re:掲示板各種試験用スレッドです
USER_NAME<>さりなが
USER_EMAIL<>bbs@sarinaga.com
USER_WEBPAGE<>www.sarinaga.com
USER_ID<>acRZj
TRIP<>wzlZJDZT2q
TOMATO<>0
POST_TIME<>1088092341
&
&gt; &gt; &gt; &gt; &gt; &gt; &gt; &gt; &gt; &gt; &gt; &gt; email表示とwebpage表示ができていないような気がする^^;。
&gt; &gt; &gt; &gt; &gt; &gt; &gt; &gt; &gt; &gt; &gt; &gt; 何でだ^^;
&gt; &gt; &gt; &gt; &gt; &gt; &gt; &gt; &gt; &gt; &gt; 　う〜ん、訂正プログラムはできたけど、やると確実に既存の投稿に影響が出るな。困ったものだ。
&gt; &gt; &gt; &gt; &gt; &gt; &gt; &gt; &gt; &gt; 　さて、掲示板のシステム切り替えられたかな？
&&
NO<>18
TITLE<>BSDをいじった
USER_NAME<>さりなが
USER_EMAIL<>bbs@sarinaga.com
USER_WEBPAGE<>www.sarinaga.com
USER_ID<>UPCCX
TRIP<>wzlZJDZT2q
TOMATO<>0
POST_TIME<>1088330880
&
書き込みできますように
&&
NO<>19
RES<>18
TITLE<>Re:BSDをいじった
USER_NAME<>さりなが
USER_EMAIL<>bbs@sarinaga.com
USER_WEBPAGE<>www.sarinaga.com
USER_ID<>UPCCX
TRIP<>wzlZJDZT2q
TOMATO<>0
POST_TIME<>1088330914
&
&gt; 書き込みできますように
再び書き込みできますように
&&
NO<>20
RES<>19
TITLE<>Re:BSDをいじった
USER_NAME<>さりなが
USER_EMAIL<>bbs@sarinaga.com
USER_WEBPAGE<>www.sarinaga.com
USER_ID<>UPCCX
TRIP<>wzlZJDZT2q
TOMATO<>0
POST_TIME<>1088330935
&
&gt; &gt; 書き込みできますように
&gt; 再び書き込みできますように
とりあえず大丈夫なようですね:-)
&&
NO<>21
RES<>9
TITLE<>Re:掲示板各種試験用スレッドです
USER_NAME<>さりなが
USER_EMAIL<>
USER_WEBPAGE<>
USER_ID<>LnBFh
TRIP<>wzlZJDZT2q
TOMATO<>1
IP_HOST<>h136.p056.iij4u.or.jp
IP_ADDR<>210.130.56.136
USER_AGENT<>Mozilla/5.0 (Windows; U; Windows NT 5.0; ja-JP; rv:1.6) Gecko/20040206 Firefox/0.8
POST_TIME<>1088742260
&
&gt; 書き込み確認
&&
NO<>22
RES<>20
TITLE<>Re:BSDをいじった
USER_NAME<>さりなが
USER_EMAIL<>
USER_WEBPAGE<>
USER_ID<>LnBFh
TRIP<>wzlZJDZT2q
TOMATO<>1
IP_HOST<>h136.p056.iij4u.or.jp
IP_ADDR<>210.130.56.136
USER_AGENT<>Mozilla/5.0 (Windows; U; Windows NT 5.0; ja-JP; rv:1.6) Gecko/20040206 Firefox/0.8
POST_TIME<>1088746703
&
&gt; &gt; &gt; 書き込みできますように
&gt; &gt; 再び書き込みできますように
&gt; とりあえず大丈夫なようですね:-)
　だるい
&&
NO<>23
RES<>18
TITLE<>改造試験
USER_NAME<>さりなが
USER_EMAIL<>bbs@sarinaga.com
USER_WEBPAGE<>www.sarinaga.com
USER_ID<>TmXGj
TRIP<>wzlZJDZT2q
TOMATO<>0
POST_TIME<>1088863866
&
&gt; 書き込みできますように
まずはresが付けられるかどうか
&&
NO<>24
TOMATO<>0
POST_TIME<>1088863890
DELETE_TIME<>1088864037
&&
NO<>25
RES<>24
TOMATO<>0
POST_TIME<>1088863985
CORRECT_TIME<>1088864004
DELETE_TIME<>1088864016
&&
NO<>26
RES<>23
TITLE<>Re:改造試験
USER_NAME<>さりなが
USER_EMAIL<>bbs@sarinaga.com
USER_WEBPAGE<>www.sarinaga.com
TRIP<>wzlZJDZT2q
TOMATO<>0
POST_TIME<>1089815744
&
&gt; &gt; 書き込みできますように
&gt; まずはresが付けられるかどうか
レスを付ける
&&
NO<>27
RES<>23
TITLE<>Re:改造試験
USER_NAME<>さりなが
USER_EMAIL<>bbs@sarinaga.com
USER_WEBPAGE<>www.sarinaga.com
USER_ID<>79l7o
TRIP<>wzlZJDZT2q
TOMATO<>0
POST_TIME<>1090152827
&
&gt; &gt; 書き込みできますように
&gt; まずはresが付けられるかどうか
IDが生成できなかったのを確認
&&
NO<>28
RES<>18
TOMATO<>0
POST_TIME<>1090659847
CORRECT_TIME<>1090659861
DELETE_TIME<>1090659873
&&
NO<>29
TITLE<>題名はつけられませんでした
USER_NAME<>さりなが
USER_EMAIL<>bbs2@sarinaga.com
USER_WEBPAGE<>www.sarinaga.com
USER_ID<>fCpC3
TRIP<>wzlZJDZT2q
TOMATO<>1
IP_HOST<>usen-221x243x211x138.ap-us01.usen.ad.jp
IP_ADDR<>221.243.211.138
USER_AGENT<>Mozilla/5.0 (Windows; U; Windows NT 5.1; ja-JP; rv:1.7) Gecko/20040614 Firefox/0.9
POST_TIME<>1097904119
&
test
&&
NO<>30
RES<>29
TITLE<>Re:題名はつけられませんでした
USER_NAME<>名無しの権兵衛さん
USER_EMAIL<>
USER_WEBPAGE<>
USER_ID<>fCpC3
TOMATO<>1
IP_HOST<>usen-221x243x211x138.ap-us01.usen.ad.jp
IP_ADDR<>221.243.211.138
USER_AGENT<>Mozilla/4.0 (compatible; MSIE 6.0; Windows NT 5.1; .NET CLR 1.1.4322)
POST_TIME<>1097904176
&
&gt; test
&&
NO<>31
RES<>30
TITLE<>Re:題名はつけられませんでした
USER_NAME<>さりなが
USER_EMAIL<>test@sarinaga.com
USER_WEBPAGE<>www.sarinaga.com
USER_ID<>TVuKo
TRIP<>wzlZJDZT2q
TOMATO<>0
POST_TIME<>1098281164
CORRECT_TIME<>1098281544
&
新型のテスト
新型のテストその2
&&
NO<>32
RES<>31
TITLE<>Re:題名はつけられませんでした
USER_NAME<>さりなが
USER_EMAIL<>bbs@sarinaga.com
USER_WEBPAGE<>www.sarinaga.com
USER_ID<>TVuKo
TRIP<>wzlZJDZT2q
TOMATO<>0
POST_TIME<>1098283321
&
&gt; 新型のテスト
&gt; 新型のテストその2
新型のテストその3
&&
NO<>33
RES<>32
TITLE<>Re:題名はつけられませんでした
USER_NAME<>さりなが
USER_EMAIL<>bbs@sarinaga.com
USER_WEBPAGE<>www.sarinaga.com
USER_ID<>TVuKo
TRIP<>wzlZJDZT2q
TOMATO<>0
POST_TIME<>1098283384
&
&gt; &gt; 新型のテスト
&gt; &gt; 新型のテストその2
&gt; 新型のテストその3
&&
NO<>34
RES<>33
TITLE<>Re:題名はつけられませんでした
USER_NAME<>さりなが
USER_EMAIL<>bbs@sarinaga.com
USER_WEBPAGE<>www.sarinaga.com
USER_ID<>TVuKo
TRIP<>wzlZJDZT2q
TOMATO<>0
POST_TIME<>1098283462
&
&gt; &gt; &gt; 新型のテスト
&gt; &gt; &gt; 新型のテストその2
&gt; &gt; 新型のテストその3
新型のテストその4
&&
NO<>35
RES<>34
TITLE<>Re:題名はつけられませんでした
USER_NAME<>さりなが
USER_EMAIL<>bbs@sarinaga.com
USER_WEBPAGE<>www.sarinaga.com
USER_ID<>TVuKo
TRIP<>wzlZJDZT2q
TOMATO<>0
POST_TIME<>1098283549
&
&gt; &gt; &gt; &gt; 新型のテスト
&gt; &gt; &gt; &gt; 新型のテストその2
&gt; &gt; &gt; 新型のテストその3
&gt; 新型のテストその4
新型のテストその5
&&
NO<>36
RES<>35
TITLE<>Re:題名はつけられませんでした
USER_NAME<>さりなが
USER_EMAIL<>bbs@sarinaga.com
USER_WEBPAGE<>www.sarinaga.com
USER_ID<>TVuKo
TRIP<>wzlZJDZT2q
TOMATO<>0
POST_TIME<>1098283598
&

&gt; &gt; &gt; &gt; &gt; 新型のテスト
&gt; &gt; &gt; &gt; &gt; 新型のテストその2
&gt; &gt; &gt; &gt; 新型のテストその3
&gt; &gt; 新型のテストその4
&gt; 新型のテストその5
&&
NO<>37
RES<>36
TITLE<>Re:題名はつけられませんでした
USER_NAME<>さりなが
USER_EMAIL<>bbs2@sarinaga.com
USER_WEBPAGE<>www.sarinaga.com
USER_ID<>7xSpX
TRIP<>wzlZJDZT2q
TOMATO<>0
POST_TIME<>1098285127
&
&gt; &gt; &gt; &gt; &gt; &gt; 新型のテスト
&gt; &gt; &gt; &gt; &gt; &gt; 新型のテストその2
&gt; &gt; &gt; &gt; &gt; 新型のテストその3
&gt; &gt; &gt; 新型のテストその4
&gt; &gt; 新型のテストその5
新型のテストその6
&&
NO<>38
RES<>37
TITLE<>Re:題名はつけられませんでした
USER_NAME<>さりなが
USER_EMAIL<>bbs2@sarinaga.com
USER_WEBPAGE<>www.sarinaga.com
USER_ID<>7xSpX
TRIP<>wzlZJDZT2q
TOMATO<>0
POST_TIME<>1098285143
&
&gt; &gt; &gt; &gt; &gt; &gt; &gt; 新型のテスト
&gt; &gt; &gt; &gt; &gt; &gt; &gt; 新型のテストその2
&gt; &gt; &gt; &gt; &gt; &gt; 新型のテストその3
&gt; &gt; &gt; &gt; 新型のテストその4
&gt; &gt; &gt; 新型のテストその5
&gt; 新型のテストその6
&&
NO<>39
RES<>38
TITLE<>Re:題名はつけられませんでした
USER_NAME<>さりなが
USER_EMAIL<>bbs2@sarinaga.com
USER_WEBPAGE<>www.sarinaga.com
USER_ID<>7xSpX
TRIP<>wzlZJDZT2q
TOMATO<>0
POST_TIME<>1098285195
&
&gt; &gt; &gt; &gt; &gt; &gt; &gt; &gt; 新型のテスト
&gt; &gt; &gt; &gt; &gt; &gt; &gt; &gt; 新型のテストその2
&gt; &gt; &gt; &gt; &gt; &gt; &gt; 新型のテストその3
&gt; &gt; &gt; &gt; &gt; 新型のテストその4
&gt; &gt; &gt; &gt; 新型のテストその5
&gt; &gt; 新型のテストその6
&&
NO<>40
RES<>39
TITLE<>Re:題名はつけられませんでした
USER_NAME<>さりなが
USER_EMAIL<>bbs2@sarinaga.com
USER_WEBPAGE<>www.sarinaga.com
USER_ID<>7xSpX
TRIP<>wzlZJDZT2q
TOMATO<>0
POST_TIME<>1098285362
&

&gt; &gt; &gt; &gt; &gt; &gt; &gt; &gt; &gt; 新型のテスト
&gt; &gt; &gt; &gt; &gt; &gt; &gt; &gt; &gt; 新型のテストその2
&gt; &gt; &gt; &gt; &gt; &gt; &gt; &gt; 新型のテストその3
&gt; &gt; &gt; &gt; &gt; &gt; 新型のテストその4
&gt; &gt; &gt; &gt; &gt; 新型のテストその5
&gt; &gt; &gt; 新型のテストその6
&&
NO<>41
RES<>40
TITLE<>Re:題名はつけられませんでした
USER_NAME<>さりなが
USER_EMAIL<>
USER_WEBPAGE<>
USER_ID<>7xSpX
TRIP<>wzlZJDZT2q
TOMATO<>0
POST_TIME<>1098285412
&
&gt; &gt; &gt; &gt; &gt; &gt; &gt; &gt; &gt; &gt; 新型のテスト
&gt; &gt; &gt; &gt; &gt; &gt; &gt; &gt; &gt; &gt; 新型のテストその2
&gt; &gt; &gt; &gt; &gt; &gt; &gt; &gt; &gt; 新型のテストその3
&gt; &gt; &gt; &gt; &gt; &gt; &gt; 新型のテストその4
&gt; &gt; &gt; &gt; &gt; &gt; 新型のテストその5
&gt; &gt; &gt; &gt; 新型のテストその6
&&
NO<>42
RES<>41
TITLE<>Re:題名はつけられませんでした
USER_NAME<>さりなが
USER_EMAIL<>
USER_WEBPAGE<>
USER_ID<>7xSpX
TRIP<>SRGCdyh908
TOMATO<>0
POST_TIME<>1098285431
&

&gt; &gt; &gt; &gt; &gt; &gt; &gt; &gt; &gt; &gt; &gt; 新型のテスト
&gt; &gt; &gt; &gt; &gt; &gt; &gt; &gt; &gt; &gt; &gt; 新型のテストその2
&gt; &gt; &gt; &gt; &gt; &gt; &gt; &gt; &gt; &gt; 新型のテストその3
&gt; &gt; &gt; &gt; &gt; &gt; &gt; &gt; 新型のテストその4
&gt; &gt; &gt; &gt; &gt; &gt; &gt; 新型のテストその5
&gt; &gt; &gt; &gt; &gt; 新型のテストその6
&&
NO<>43
TITLE<>Cookieに以上あり
USER_NAME<>さりなが
USER_EMAIL<>bbs2@sarinaga.com
USER_WEBPAGE<>www.sarinaga.com
USER_ID<>7xSpX
TRIP<>wzlZJDZT2q
TOMATO<>1
IP_HOST<>usen-221x243x211x138.ap-us01.usen.ad.jp
IP_ADDR<>221.243.211.138
USER_AGENT<>Mozilla/5.0 (Windows; U; Windows NT 5.1; ja-JP; rv:1.7) Gecko/20040614 Firefox/0.9
POST_TIME<>1098285578
&
TEST
&&
