THREAD_TITLE<>雑談スレ
POST<>10
AGE_TIME<>1077430484
&&
NO<>0
TITLE<>雑談…何を話せばいいのやら
USER_NAME<>さりなが
USER_EMAIL<>bbs@sarinaga.com
USER_WEBPAGE<>www.sarinaga.com
USER_ID<>bDKmu
TRIP<>wzlZJDZT2q
TOMATO<>
POST_TIME<>1069685221
&
雑談を行うためのスレです。
&&
NO<>1
TITLE<>合わせコス
USER_NAME<>ＣＮ：Ｍａｒｋ
USER_EMAIL<>saratani@pop21.odn.ne.jp
USER_WEBPAGE<>cosjourney.chu.jp
USER_ID<>UnTon
TOMATO<>
POST_TIME<>1069848928
&
コスプレ店員との合わせコスについての質問ですが。
店員と合わせコスをする客はどのくらいの割合でいますか？
夏コミの帰りに私の連れと一緒に来店したときですが、
連れがときメモＧＳ合わせをしたことがありました。
最近では客のドクターと店員のナースとの合わせもあったそうですが。
私も次回来店までにはタキシードをあつらえて、
チャイナドレスの店員と合わせをしたいです。
&&
NO<>2
RES<>1
TITLE<>Re:合わせコス
USER_NAME<>さりなが
USER_EMAIL<>bbs@sarinaga.com
USER_WEBPAGE<>www.sarinaga.com
USER_ID<>8QPsu
TRIP<>wzlZJDZT2q
TOMATO<>
POST_TIME<>1069853328
&
　ここだと情報リソースが貧弱すぎるので２ちゃんねるコスプレ板の該当スレッドのご紹介（笑）。http://comic.2ch.net/test/read.cgi/cosp/1053262249/l50

&gt; コスプレ店員との合わせコスについての質問ですが。
&gt; 店員と合わせコスをする客はどのくらいの割合でいますか？
&gt;
　私は、サクラ大戦の真宮寺さくらしか見たことないですよ。
&&
NO<>3
TOMATO<>
POST_TIME<>1070288662
DELETE_TIME<>1070289909
&&
NO<>4
TOMATO<>
POST_TIME<>1070289000
DELETE_TIME<>1070289891
&&
NO<>5
RES<>4
TOMATO<>
POST_TIME<>1070289148
DELETE_TIME<>1070289877
&&
NO<>6
TITLE<>蔵の話題は専用スレで
USER_NAME<>さりなが怪鳥
USER_EMAIL<>bbs@sarinaga.com
USER_WEBPAGE<>www.sarinaga.com
USER_ID<>XJ591
TRIP<>wzlZJDZT2q
TOMATO<>
POST_TIME<>1070289950
&
http://www.sarinaga.com/bbs/read.cgi?no=11;ls=100;tree=1;sub=1 以後こちらで
&&
NO<>7
TITLE<>冬コミ初日
USER_NAME<>ＣＮ：Ｍａｒｋ
USER_EMAIL<>shu-saratani@moon.odn.ne.jp
USER_WEBPAGE<>cosjourney.chu.jp
USER_ID<>as36U
TOMATO<>0
POST_TIME<>1072919961
&
あけましておめでとうございます
冬コミ最終日（１２月３０日）もコスプレ営業とこのＨＰで聞いて
店に問い合わせましたが、宴会客オンリーと言うことで、
冬コミ初日にマジカルナイトで飲んだついでに蔵で夕食をしながら飲むことになりました。
私もチャイナドレスを着た店員がいることを期待して、
タキシードをあつらえて持ってきましたが、期待はずれでした。
チャイナドレスの店員がいたら私もタキシードで合わせコスをして
撮影をお願いしていたところでした。
&&
NO<>8
TOMATO<>1
IP_HOST<>bess-proxy.intac.com
IP_HOST<>210.100.171.194
IP_HOST<>210.100.171.194
IP_ADDR<>216.157.225.231
IP_ADDR<>210.100.171.194
IP_ADDR<>210.100.171.194
USER_AGENT<>Mozilla/4.0 (compatible; MSIE 6.0; Windows NT 5.1)
USER_AGENT<>Mozilla/4.0 (compatible; MSIE 6.0; Windows NT 5.1)
USER_AGENT<>Mozilla/4.0 (compatible; MSIE 6.0; Windows NT 5.1)
POST_TIME<>1077386512
CORRECT_TIME<>1077386611
DELETE_TIME<>1077386647
&&
NO<>9
TITLE<>9番発言って......
USER_NAME<>さりなが怪鳥
USER_EMAIL<>bbs@sarinaga.com
USER_WEBPAGE<>www.sarinaga.com
USER_ID<>ChncS
TRIP<>wzlZJDZT2q
TOMATO<>0
POST_TIME<>1077430484
&
掲示板のテストなんだか分からないけどで適当なことを書くな〜。
せめて各種試験用スレッドでやってほしぃ.......。
&&
